0.23048931801833866
0.011240689096855112
0.0090053420094078
0.008777974830172881
0.008262780632773753
0.00795342407763113
0.007831715146434421
0.007032269389898567
0.00654572815396079
0.006827691433412221
0.0068957747051383465
0.0065327928506203475
0.005980955927684608
0.006492383509340803
0.006255604092475154
0.006270330465865261
0.006029855325481557
0.005731787889481154
0.0059631025178348025
0.005257646283678628
0.0056753392793245806
0.006386350997058006
0.005545536993798148
0.005280514678413091
0.00511973143375843
0.0051330182489810975
0.004867512693778864
0.00493452321893093
0.004926699901607297
0.005076378168709269
0.0049222854868800885
0.005343353187542781
0.004445978381320323
0.004814299914578722
0.0047092084999862775
0.004695072544701139
0.004990098229693135
0.004643467191389343
0.004630154592608936
0.004773752333498357
0.004460640103458732
0.004849008362342356
0.004170950822150957
0.004557986158834701
0.004306465055230855
0.004365337141461442
0.004893116270349579
0.0049670399237975275
0.004467857948159998
0.004159868528221876
0.004317939768285414
0.004170551018617391
0.004611623774920623
0.004364585906979995
0.003925950008519383
0.00427545302173739
0.0040315353341856845
0.004111614539643882
0.0040463901427555335
0.004175798003273789
0.004066148509409534
