0.09802609255056599
0.0964110239446656
0.09508987799982357
0.09400923135460498
0.09312524141215155
0.09240199961548778
0.0918101357595286
0.09132564871890661
0.09092893511774026
0.09060398739715719
0.09033773469205954
0.09011950281490018
0.08994057281129575
0.08979382063832549
0.08967342333894832
0.08957461957010361
0.08949351447394238
0.08942692068001358
0.08937222872510088
0.08932730141598824
0.08929038767770581
0.0892600522617038
0.08923511836664155
0.08921462077632197
0.08919776756770104
0.0891839088059758
0.0891725109392544
0.08916313584514604
0.08915542367629893
0.08914907881001846
0.08914385833555262
0.08913956261705269
0.08913602755516405
0.08913311823933923
0.08913072373928477
0.08912875282985348
0.08912713048113462
0.08912579497604499
0.08912469554268228
0.08912379040908491
0.08912304520471871
0.08912243164664407
0.08912192645948032
0.08912151048742394
0.08912116796406207
0.08912088591186275
0.08912065364824893
0.08912046237929518
0.08912030486546627
0.0891201751465986
0.08912006831560422
0.08911998033224965
0.08911990786990323
0.08911984818940322
0.0891197990352422
0.08911975855011324
0.08911972520456746
0.08911969773910672
0.0891196751165116
0.08911965648259387
0.08911964113388286
0.08911962849102023
0.08911961807685405
0.08911960949840084
0.08911960243199267
0.08911959661104722
0.08911959181599545
0.08911958786598799
0.08911958461206514
0.08911958193153179
0.08911957972332525
0.08911957790419997
0.08911957640558552
0.08911957517099905
0.08911957415391383
0.08911957331600394
0.08911957262569835
0.08911957205699
0.08911957158845525
0.08911957120244579
0.08911957088442313
0.08911957062241055
0.08911957040654174
0.08911957022868845
0.0891195700821549
0.08911956996142449
0.0891195698619528
0.08911956977999573
0.08911956971246876
0.0891195696568308
0.08911956961098814
0.08911956957321607
0.08911956954209346
0.0891195695164496
0.08911956949531964
0.08911956947790901
0.08911956946356295
0.08911956945174185
0.08911956944200133
0.08911956943397496
0.08911956942736125
0.08911956942191138
0.08911956941742054
0.08911956941371997
0.08911956941067059
0.08911956940815766
0.08911956940608691
0.0891195694043805
0.08911956940297432
0.08911956940181547
0.08911956940086051
0.08911956940007347
0.08911956939942509
0.08911956939889058
0.08911956939845006
0.08911956939808713
0.08911956939778803
0.08911956939754152
0.08911956939733838
0.08911956939717086
0.08911956939703292
0.08911956939691919
0.08911956939682539
0.08911956939674813
0.08911956939668453
0.08911956939663203
0.0891195693965888
0.0891195693965531
0.0891195693965238
0.08911956939649954
0.08911956939647958
0.08911956939646322
0.08911956939644956
0.0891195693964384
0.08911956939642919
0.08911956939642166
0.08911956939641537
0.0891195693964102
0.0891195693964059
0.08911956939640248
0.08911956939639955
0.0891195693963972
0.0891195693963952
0.08911956939639366
0.08911956939639229
0.08911956939639112
0.08911956939639024
0.08911956939638947
0.08911956939638888
0.08911956939638838
0.08911956939638792
0.08911956939638759
0.08911956939638731
0.08911956939638709
0.08911956939638697
0.08911956939638677
0.0891195693963867
0.08911956939638653
0.08911956939638639
0.08911956939638636
0.08911956939638625
0.08911956939638628
0.0891195693963862
0.08911956939638614
0.08911956939638609
0.0891195693963861
0.08911956939638614
0.08911956939638609
0.08911956939638603
0.08911956939638603
0.08911956939638606
0.08911956939638603
0.089119569396386
0.08911956939638602
0.08911956939638602
0.089119569396386
0.08911956939638603
0.089119569396386
0.08911956939638599
0.08911956939638603
0.08911956939638599
0.08911956939638602
0.08911956939638603
0.08911956939638595
0.089119569396386
0.089119569396386
0.08911956939638596
0.08911956939638599
0.089119569396386
0.08911956939638596
0.08911956939638596
0.089119569396386
0.089119569396386
0.089119569396386
0.08911956939638607
0.08911956939638602
0.08911956939638602
0.08911956939638603
0.08911956939638599
0.08911956939638603
0.089119569396386
0.08911956939638595
0.08911956939638602
0.089119569396386
0.089119569396386
0.089119569396386
0.08911956939638596
0.089119569396386
0.08911956939638602
0.089119569396386
0.08911956939638603
0.08911956939638606
0.089119569396386
0.08911956939638596
0.089119569396386
0.08911956939638602
0.089119569396386
0.08911956939638603
0.08911956939638596
0.08911956939638599
0.08911956939638607
0.089119569396386
0.08911956939638602
0.089119569396386
0.08911956939638599
0.08911956939638599
0.08911956939638606
0.08911956939638603
0.08911956939638596
0.08911956939638603
0.089119569396386
0.08911956939638603
0.08911956939638599
0.08911956939638602
0.08911956939638596
0.08911956939638602
0.089119569396386
0.089119569396386
0.08911956939638599
0.08911956939638607
0.08911956939638596
0.08911956939638596
0.08911956939638603
0.08911956939638595
0.08911956939638599
0.08911956939638595
0.08911956939638599
0.08911956939638602
0.08911956939638602
0.08911956939638602
0.08911956939638602
0.08911956939638596
0.08911956939638595
0.08911956939638603
0.089119569396386
0.08911956939638595
0.08911956939638602
0.08911956939638606
0.08911956939638596
0.08911956939638607
0.08911956939638606
0.08911956939638607
0.08911956939638595
0.08911956939638599
0.08911956939638593
0.08911956939638599
0.089119569396386
0.08911956939638602
0.08911956939638606
0.089119569396386
0.08911956939638603
0.08911956939638599
0.08911956939638596
0.089119569396386
0.08911956939638595
0.08911956939638602
0.08911956939638603
0.089119569396386
0.08911956939638596
0.089119569396386
0.08911956939638603
0.08911956939638606
0.08911956939638603
0.089119569396386
0.08911956939638602
0.08911956939638595
0.08911956939638603
0.08911956939638599
0.089119569396386
0.08911956939638599
0.08911956939638606
0.08911956939638606
0.08911956939638606
0.08911956939638603
0.08911956939638602
0.08911956939638599
0.08911956939638599
0.08911956939638607
0.08911956939638599
0.089119569396386
0.089119569396386
0.08911956939638596
0.08911956939638602
0.089119569396386
0.08911956939638602
0.08911956939638599
0.08911956939638595
0.089119569396386
0.089119569396386
0.08911956939638599
0.08911956939638596
0.089119569396386
0.08911956939638599
0.08911956939638596
0.08911956939638603
0.089119569396386
0.08911956939638596
0.08911956939638595
0.08911956939638602
0.089119569396386
0.08911956939638596
0.08911956939638596
0.08911956939638596
0.08911956939638596
0.08911956939638596
0.08911956939638596
0.08911956939638596
0.08911956939638596
0.08911956939638596
0.08911956939638596
0.08911956939638596
0.08911956939638596
0.08911956939638596
0.08911956939638596
0.08911956939638596
0.08911956939638596
0.08911956939638596
0.08911956939638596
0.08911956939638596
0.08911956939638596
0.08911956939638596
0.08911956939638596
0.08911956939638596
0.08911956939638596
0.08911956939638596
0.08911956939638596
0.08911956939638596
0.08911956939638596
0.08911956939638596
0.08911956939638596
0.08911956939638596
0.08911956939638596
0.08911956939638596
0.08911956939638596
0.08911956939638596
0.08911956939638596
0.08911956939638596
0.08911956939638596
0.08911956939638596
0.08911956939638596
0.08911956939638596
0.08911956939638596
0.08911956939638596
0.08911956939638596
0.08911956939638596
0.08911956939638596
0.08911956939638596
0.08911956939638596
0.08911956939638596
0.08911956939638596
0.08911956939638596
0.08911956939638596
0.08911956939638596
0.08911956939638596
0.08911956939638596
0.08911956939638596
0.08911956939638596
0.08911956939638596
0.08911956939638596
0.08911956939638596
0.08911956939638596
0.08911956939638596
0.08911956939638596
0.08911956939638596
0.08911956939638596
0.08911956939638596
0.08911956939638596
0.08911956939638596
0.08911956939638596
0.08911956939638596
0.08911956939638596
0.08911956939638596
0.08911956939638596
0.08911956939638596
0.08911956939638596
0.08911956939638596
0.08911956939638596
0.08911956939638596
0.08911956939638596
0.08911956939638596
0.08911956939638596
0.08911956939638596
0.08911956939638596
0.08911956939638596
0.08911956939638596
0.08911956939638596
0.08911956939638596
0.08911956939638596
0.08911956939638596
0.08911956939638596
0.08911956939638596
0.08911956939638596
0.08911956939638596
0.08911956939638596
0.08911956939638596
0.08911956939638596
0.08911956939638596
0.08911956939638596
0.08911956939638596
0.08911956939638596
0.08911956939638596
0.08911956939638596
0.08911956939638596
0.08911956939638596
0.08911956939638596
0.08911956939638596
0.08911956939638596
0.08911956939638596
0.08911956939638596
0.08911956939638596
0.08911956939638596
0.08911956939638596
0.08911956939638596
0.08911956939638596
0.08911956939638596
0.08911956939638596
0.08911956939638596
0.08911956939638596
0.08911956939638596
0.08911956939638596
0.08911956939638596
0.08911956939638596
0.08911956939638596
0.08911956939638596
0.08911956939638596
0.08911956939638596
0.08911956939638596
0.08911956939638596
0.08911956939638596
0.08911956939638596
0.08911956939638596
0.08911956939638596
0.08911956939638596
0.08911956939638596
0.08911956939638596
0.08911956939638596
0.08911956939638596
0.08911956939638596
0.08911956939638596
0.08911956939638596
0.08911956939638596
0.08911956939638596
0.08911956939638596
0.08911956939638596
0.08911956939638596
0.08911956939638596
0.08911956939638596
0.08911956939638596
0.08911956939638596
0.08911956939638596
0.08911956939638596
0.08911956939638596
0.08911956939638596
0.08911956939638596
0.08911956939638596
0.08911956939638596
0.08911956939638596
0.08911956939638596
0.08911956939638596
0.08911956939638596
0.08911956939638596
0.08911956939638596
0.08911956939638596
0.08911956939638596
0.08911956939638596
0.08911956939638596
0.08911956939638596
0.08911956939638596
0.08911956939638596
0.08911956939638596
0.08911956939638596
0.08911956939638596
0.08911956939638596
0.08911956939638596
0.08911956939638596
0.08911956939638596
0.08911956939638596
0.08911956939638596
0.08911956939638596
0.08911956939638596
0.08911956939638596
0.08911956939638596
0.08911956939638596
0.08911956939638596
0.08911956939638596
0.08911956939638596
0.08911956939638596
0.08911956939638596
0.08911956939638596
0.08911956939638596
0.08911956939638596
0.08911956939638596
0.08911956939638596
0.08911956939638596
0.08911956939638596
0.08911956939638596
0.08911956939638596
0.08911956939638596
0.08911956939638596
0.08911956939638596
0.08911956939638596
0.08911956939638596
0.08911956939638596
0.08911956939638596
0.08911956939638596
0.08911956939638596
0.08911956939638596
0.08911956939638596
0.08911956939638596
0.08911956939638596
0.08911956939638596
0.08911956939638596
0.08911956939638596
0.08911956939638596
0.08911956939638596
0.08911956939638596
0.08911956939638596
0.08911956939638596
0.08911956939638596
0.08911956939638596
0.08911956939638596
0.08911956939638596
0.08911956939638596
0.08911956939638596
0.08911956939638596
0.08911956939638596
0.08911956939638596
0.08911956939638596
0.08911956939638596
0.08911956939638596
0.08911956939638596
0.08911956939638596
0.08911956939638596
0.08911956939638596
0.08911956939638596
0.08911956939638596
0.08911956939638596
0.08911956939638596
0.08911956939638596
0.08911956939638596
0.08911956939638596
0.08911956939638596
0.08911956939638596
0.08911956939638596
0.08911956939638596
0.08911956939638596
0.08911956939638596
0.08911956939638596
0.08911956939638596
0.08911956939638596
0.08911956939638596
0.08911956939638596
0.08911956939638596
0.08911956939638596
0.08911956939638596
0.08911956939638596
0.08911956939638596
0.08911956939638596
0.08911956939638596
0.08911956939638596
0.08911956939638596
0.08911956939638596
0.08911956939638596
0.08911956939638596
0.08911956939638596
0.08911956939638596
0.08911956939638596
0.08911956939638596
0.08911956939638596
0.08911956939638596
0.08911956939638596
0.08911956939638596
0.08911956939638596
0.08911956939638596
0.08911956939638596
0.08911956939638596
0.08911956939638596
0.08911956939638596
0.08911956939638596
0.08911956939638596
0.08911956939638596
0.08911956939638596
0.08911956939638596
0.08911956939638596
0.08911956939638596
0.08911956939638596
0.08911956939638596
0.08911956939638596
0.08911956939638596
0.08911956939638596
0.08911956939638596
0.08911956939638596
0.08911956939638596
0.08911956939638596
0.08911956939638596
0.08911956939638596
0.08911956939638596
0.08911956939638596
0.08911956939638596
0.08911956939638596
0.08911956939638596
0.08911956939638596
0.08911956939638596
0.08911956939638596
0.08911956939638596
0.08911956939638596
0.08911956939638596
0.08911956939638596
0.08911956939638596
0.08911956939638596
0.08911956939638596
0.08911956939638596
0.08911956939638596
0.08911956939638596
0.08911956939638596
0.08911956939638596
0.08911956939638596
0.08911956939638596
0.08911956939638596
0.08911956939638596
0.08911956939638596
0.08911956939638596
0.08911956939638596
0.08911956939638596
0.08911956939638596
0.08911956939638596
0.08911956939638596
0.08911956939638596
0.08911956939638596
0.08911956939638596
0.08911956939638596
0.08911956939638596
0.08911956939638596
0.08911956939638596
0.08911956939638596
0.08911956939638596
0.08911956939638596
0.08911956939638596
0.08911956939638596
0.08911956939638596
0.08911956939638596
0.08911956939638596
0.08911956939638596
0.08911956939638596
0.08911956939638596
0.08911956939638596
0.08911956939638596
0.08911956939638596
0.08911956939638596
0.08911956939638596
0.08911956939638596
0.08911956939638596
0.08911956939638596
0.08911956939638596
0.08911956939638596
0.08911956939638596
0.08911956939638596
0.08911956939638596
0.08911956939638596
0.08911956939638596
0.08911956939638596
0.08911956939638596
0.08911956939638596
0.08911956939638596
