#
# There is insufficient memory for the Java Runtime Environment to continue.
# Native memory allocation (mmap) failed to map 239075328 bytes for committing reserved memory.
# Possible reasons:
#   The system is out of physical RAM or swap space
#   The process is running with CompressedOops enabled, and the Java Heap may be blocking the growth of the native heap
# Possible solutions:
#   Reduce memory load on the system
#   Increase physical memory or swap space
#   Check if swap backing store is full
#   Decrease Java heap size (-Xmx/-Xms)
#   Decrease number of Java threads
#   Decrease Java thread stack sizes (-Xss)
#   Set larger code cache with -XX:ReservedCodeCacheSize=
#   JVM is running with Unscaled Compressed Oops mode in which the Java heap is
#     placed in the first 4GB address space. The Java Heap base address is the
#     maximum limit for the native heap growth. Please use -XX:HeapBaseMinAddress
#     to set the Java Heap base and to place the Java Heap above 4GB virtual address.
# This output file may be truncated or incomplete.
#
#  Out of Memory Error (os_linux.cpp:2893), pid=26062, tid=26072
#
# JRE version: OpenJDK Runtime Environment (11.0.4+11) (build 11.0.4+11-post-Ubuntu-1ubuntu218.04.3)
# Java VM: OpenJDK 64-Bit Server VM (11.0.4+11-post-Ubuntu-1ubuntu218.04.3, mixed mode, sharing, tiered, compressed oops, g1 gc, linux-amd64)
# Core dump will be written. Default location: Core dumps may be processed with "/usr/share/apport/apport %p %s %c %d %P" (or dumping to /home/art/Dropbox/Programming/neuron/ArtNeuron/With Jython/Pima/core.26062)
#

---------------  S U M M A R Y ------------

Command Line: /usr/share/java/jython.jar -Dpython.home=/usr/share/jython -Dpython.path=/usr/share/jython/Lib -Dpython.executable=/usr/bin/jython -Dpython.console=org.python.util.JLineConsole pima_with_NetworkOne.jy

Host: Intel(R) Core(TM)2 Quad  CPU   Q9300  @ 2.50GHz, 4 cores, 3G, Ubuntu 18.04.3 LTS
Time: Fri Sep 13 02:45:46 2019 MSK elapsed time: 519 seconds (0d 0h 8m 39s)

---------------  T H R E A D  ---------------

Current thread (0x00007f5e1811d000):  VMThread "VM Thread" [stack: 0x00007f5df85d8000,0x00007f5df86d8000] [id=26072]

Stack: [0x00007f5df85d8000,0x00007f5df86d8000],  sp=0x00007f5df86d5ff0,  free space=1015k
Native frames: (J=compiled Java code, A=aot compiled Java code, j=interpreted, Vv=VM code, C=native code)
V  [libjvm.so+0xde4547]
V  [libjvm.so+0xde519b]
V  [libjvm.so+0x6511a5]
V  [libjvm.so+0xbbed38]
V  [libjvm.so+0xbb5ebd]
V  [libjvm.so+0x76f53f]
V  [libjvm.so+0x76f7ae]
V  [libjvm.so+0x77b820]
V  [libjvm.so+0x7f6969]
V  [libjvm.so+0x7f75c2]
V  [libjvm.so+0x7f7a29]
V  [libjvm.so+0x72de6f]
V  [libjvm.so+0x732b6a]
V  [libjvm.so+0xdf01e1]
V  [libjvm.so+0xdeeda8]
V  [libjvm.so+0xdec5e6]
V  [libjvm.so+0xdecaf0]
V  [libjvm.so+0xdecf23]
V  [libjvm.so+0xd7aeea]
V  [libjvm.so+0xbc4a5e]

VM_Operation (0x00007f5e1f7ce150): G1CollectForAllocation, mode: safepoint, requested by thread 0x00007f5e18012000


---------------  P R O C E S S  ---------------

Threads class SMR info:
_java_thread_list=0x00007f5db4000e10, length=15, elements={
0x00007f5e18012000, 0x00007f5e1811f800, 0x00007f5e18121800, 0x00007f5e18127000,
0x00007f5e18129800, 0x00007f5e1812b800, 0x00007f5e1812d800, 0x00007f5e1815c800,
0x00007f5e18161000, 0x00007f5e184ed000, 0x00007f5e18c30800, 0x00007f5e18c5a000,
0x00007f5e18cc9000, 0x00007f5e18cb5000, 0x00007f5d8c0ae000
}

Java Threads: ( => current thread )
  0x00007f5e18012000 JavaThread "main" [_thread_blocked, id=26066, stack(0x00007f5e1f6cf000,0x00007f5e1f7d0000)]
  0x00007f5e1811f800 JavaThread "Reference Handler" daemon [_thread_blocked, id=26073, stack(0x00007f5df84d5000,0x00007f5df85d6000)]
  0x00007f5e18121800 JavaThread "Finalizer" daemon [_thread_blocked, id=26074, stack(0x00007f5df83d4000,0x00007f5df84d5000)]
  0x00007f5e18127000 JavaThread "Signal Dispatcher" daemon [_thread_blocked, id=26075, stack(0x00007f5df82d3000,0x00007f5df83d4000)]
  0x00007f5e18129800 JavaThread "C2 CompilerThread0" daemon [_thread_in_native, id=26076, stack(0x00007f5df81d2000,0x00007f5df82d3000)]
  0x00007f5e1812b800 JavaThread "C1 CompilerThread0" daemon [_thread_blocked, id=26077, stack(0x00007f5df80d1000,0x00007f5df81d2000)]
  0x00007f5e1812d800 JavaThread "Sweeper thread" daemon [_thread_blocked, id=26078, stack(0x00007f5df138b000,0x00007f5df148c000)]
  0x00007f5e1815c800 JavaThread "Service Thread" daemon [_thread_blocked, id=26079, stack(0x00007f5df128a000,0x00007f5df138b000)]
  0x00007f5e18161000 JavaThread "Common-Cleaner" daemon [_thread_blocked, id=26081, stack(0x00007f5df1087000,0x00007f5df1188000)]
  0x00007f5e184ed000 JavaThread "NonBlockingInputStreamThread" daemon [_thread_blocked, id=26091, stack(0x00007f5df020a000,0x00007f5df030b000)]
  0x00007f5e18c30800 JavaThread "Java2D Disposer" daemon [_thread_blocked, id=26096, stack(0x00007f5daeef7000,0x00007f5daeff8000)]
  0x00007f5e18c5a000 JavaThread "AWT-XAWT" daemon [_thread_blocked, id=26097, stack(0x00007f5da538b000,0x00007f5da548c000)]
  0x00007f5e18cc9000 JavaThread "AWT-Shutdown" [_thread_blocked, id=26098, stack(0x00007f5da4e8a000,0x00007f5da4f8b000)]
  0x00007f5e18cb5000 JavaThread "AWT-EventQueue-0" [_thread_blocked, id=26099, stack(0x00007f5da4d89000,0x00007f5da4e8a000)]
  0x00007f5d8c0ae000 JavaThread "XToolkt-Shutdown-Thread" [_thread_blocked, id=26107, stack(0x00007f5da4381000,0x00007f5da4482000)]

Other Threads:
=>0x00007f5e1811d000 VMThread "VM Thread" [stack: 0x00007f5df85d8000,0x00007f5df86d8000] [id=26072]
  0x00007f5e1815f000 WatcherThread [stack: 0x00007f5df118a000,0x00007f5df128a000] [id=26080]
  0x00007f5e18028800 GCTaskThread "GC Thread#0" [stack: 0x00007f5e0001c000,0x00007f5e0011c000] [id=26067]
  0x00007f5de4001000 GCTaskThread "GC Thread#1" [stack: 0x00007f5df0b5f000,0x00007f5df0c5f000] [id=26082]
  0x00007f5de4018000 GCTaskThread "GC Thread#2" [stack: 0x00007f5da4c89000,0x00007f5da4d89000] [id=26100]
  0x00007f5de4019800 GCTaskThread "GC Thread#3" [stack: 0x00007f5da4b87000,0x00007f5da4c87000] [id=26101]
  0x00007f5e18043800 ConcurrentGCThread "G1 Main Marker" [stack: 0x00007f5df9665000,0x00007f5df9765000] [id=26068]
  0x00007f5e18045000 ConcurrentGCThread "G1 Conc#0" [stack: 0x00007f5df9563000,0x00007f5df9663000] [id=26069]
  0x00007f5e18088800 ConcurrentGCThread "G1 Refine#0" [stack: 0x00007f5df905d000,0x00007f5df915d000] [id=26070]
  0x00007f5e1808a800 ConcurrentGCThread "G1 Young RemSet Sampling" [stack: 0x00007f5df8f5b000,0x00007f5df905b000] [id=26071]

Threads with active compile tasks:
C2 CompilerThread05441       4       sun.swing.SwingUtilities2::getFontCharsWidth (45 bytes)
C1 CompilerThread05461       3       javax.swing.text.PlainView::updateDamage (354 bytes)

VM state:at safepoint (normal execution)

VM Mutex/Monitor currently owned by a thread:  ([mutex/lock_event])
[0x00007f5e1800e290] Threads_lock - owner thread: 0x00007f5e1811d000
[0x00007f5e1800e9e0] Heap_lock - owner thread: 0x00007f5e18012000

Heap address: 0x00000000c2600000, size: 986 MB, Compressed Oops mode: 32-bit
Narrow klass base: 0x0000000800000000, Narrow klass shift: 3
Compressed class space size: 1073741824 Address: 0x0000000840000000

Heap:
 garbage-first heap   total 490496K, used 11951K [0x00000000c2600000, 0x0000000100000000)
  region size 1024K, 1 young (1024K), 1 survivors (1024K)
 Metaspace       used 34072K, capacity 35506K, committed 36016K, reserved 1079296K
  class space    used 6454K, capacity 6801K, committed 6912K, reserved 1048576K
Heap Regions: E=young(eden), S=young(survivor), O=old, HS=humongous(starts), HC=humongous(continues), CS=collection set, F=free, A=archive, TAMS=top-at-mark-start (previous, next)
|   0|0x00000000c2600000, 0x00000000c2700000, 0x00000000c2700000|100%| O|  |TAMS 0x00000000c2700000, 0x00000000c2600000| Untracked 
|   1|0x00000000c2700000, 0x00000000c2800000, 0x00000000c2800000|100%| O|  |TAMS 0x00000000c2800000, 0x00000000c2700000| Untracked 
|   2|0x00000000c2800000, 0x00000000c2900000, 0x00000000c2900000|100%| O|  |TAMS 0x00000000c2900000, 0x00000000c2800000| Untracked 
|   3|0x00000000c2900000, 0x00000000c2a00000, 0x00000000c2a00000|100%| O|  |TAMS 0x00000000c2a00000, 0x00000000c2900000| Untracked 
|   4|0x00000000c2a00000, 0x00000000c2b00000, 0x00000000c2b00000|100%| O|  |TAMS 0x00000000c2b00000, 0x00000000c2a00000| Untracked 
|   5|0x00000000c2b00000, 0x00000000c2c00000, 0x00000000c2c00000|100%| O|  |TAMS 0x00000000c2c00000, 0x00000000c2b00000| Untracked 
|   6|0x00000000c2c00000, 0x00000000c2d00000, 0x00000000c2d00000|100%| O|  |TAMS 0x00000000c2d00000, 0x00000000c2c00000| Untracked 
|   7|0x00000000c2d00000, 0x00000000c2e00000, 0x00000000c2e00000|100%| O|  |TAMS 0x00000000c2e00000, 0x00000000c2d00000| Untracked 
|   8|0x00000000c2e00000, 0x00000000c2f00000, 0x00000000c2f00000|100%| O|  |TAMS 0x00000000c2f00000, 0x00000000c2e00000| Untracked 
|   9|0x00000000c2f00000, 0x00000000c3000000, 0x00000000c3000000|100%| O|  |TAMS 0x00000000c3000000, 0x00000000c2f00000| Untracked 
|  10|0x00000000c3000000, 0x00000000c30cea00, 0x00000000c3100000| 80%| O|  |TAMS 0x00000000c30cd800, 0x00000000c3000000| Untracked 
|  11|0x00000000c3100000, 0x00000000c3100000, 0x00000000c3200000|  0%| F|  |TAMS 0x00000000c3100000, 0x00000000c3100000| Untracked 
|  12|0x00000000c3200000, 0x00000000c3200000, 0x00000000c3300000|  0%| F|  |TAMS 0x00000000c3200000, 0x00000000c3200000| Untracked 
|  13|0x00000000c3300000, 0x00000000c3300000, 0x00000000c3400000|  0%| F|  |TAMS 0x00000000c3300000, 0x00000000c3300000| Untracked 
|  14|0x00000000c3400000, 0x00000000c3400000, 0x00000000c3500000|  0%| F|  |TAMS 0x00000000c3400000, 0x00000000c3400000| Untracked 
|  15|0x00000000c3500000, 0x00000000c3500000, 0x00000000c3600000|  0%| F|  |TAMS 0x00000000c3500000, 0x00000000c3500000| Untracked 
|  16|0x00000000c3600000, 0x00000000c3600000, 0x00000000c3700000|  0%| F|  |TAMS 0x00000000c3600000, 0x00000000c3600000| Untracked 
|  17|0x00000000c3700000, 0x00000000c3700000, 0x00000000c3800000|  0%| F|  |TAMS 0x00000000c3700000, 0x00000000c3700000| Untracked 
|  18|0x00000000c3800000, 0x00000000c3800000, 0x00000000c3900000|  0%| F|  |TAMS 0x00000000c3800000, 0x00000000c3800000| Untracked 
|  19|0x00000000c3900000, 0x00000000c3900000, 0x00000000c3a00000|  0%| F|  |TAMS 0x00000000c3900000, 0x00000000c3900000| Untracked 
|  20|0x00000000c3a00000, 0x00000000c3a00000, 0x00000000c3b00000|  0%| F|  |TAMS 0x00000000c3a00000, 0x00000000c3a00000| Untracked 
|  21|0x00000000c3b00000, 0x00000000c3b00000, 0x00000000c3c00000|  0%| F|  |TAMS 0x00000000c3b00000, 0x00000000c3b00000| Untracked 
|  22|0x00000000c3c00000, 0x00000000c3c00000, 0x00000000c3d00000|  0%| F|  |TAMS 0x00000000c3c00000, 0x00000000c3c00000| Untracked 
|  23|0x00000000c3d00000, 0x00000000c3d00000, 0x00000000c3e00000|  0%| F|  |TAMS 0x00000000c3d00000, 0x00000000c3d00000| Untracked 
|  24|0x00000000c3e00000, 0x00000000c3e00000, 0x00000000c3f00000|  0%| F|  |TAMS 0x00000000c3e00000, 0x00000000c3e00000| Untracked 
|  25|0x00000000c3f00000, 0x00000000c3f00000, 0x00000000c4000000|  0%| F|  |TAMS 0x00000000c3f00000, 0x00000000c3f00000| Untracked 
|  26|0x00000000c4000000, 0x00000000c4000000, 0x00000000c4100000|  0%| F|  |TAMS 0x00000000c4000000, 0x00000000c4000000| Untracked 
|  27|0x00000000c4100000, 0x00000000c4100000, 0x00000000c4200000|  0%| F|  |TAMS 0x00000000c4100000, 0x00000000c4100000| Untracked 
|  28|0x00000000c4200000, 0x00000000c4200000, 0x00000000c4300000|  0%| F|  |TAMS 0x00000000c4200000, 0x00000000c4200000| Untracked 
|  29|0x00000000c4300000, 0x00000000c4300000, 0x00000000c4400000|  0%| F|  |TAMS 0x00000000c4300000, 0x00000000c4300000| Untracked 
|  30|0x00000000c4400000, 0x00000000c4400000, 0x00000000c4500000|  0%| F|  |TAMS 0x00000000c4400000, 0x00000000c4400000| Untracked 
|  31|0x00000000c4500000, 0x00000000c4500000, 0x00000000c4600000|  0%| F|  |TAMS 0x00000000c4500000, 0x00000000c4500000| Untracked 
|  32|0x00000000c4600000, 0x00000000c4600000, 0x00000000c4700000|  0%| F|  |TAMS 0x00000000c4600000, 0x00000000c4600000| Untracked 
|  33|0x00000000c4700000, 0x00000000c4700000, 0x00000000c4800000|  0%| F|  |TAMS 0x00000000c4700000, 0x00000000c4700000| Untracked 
|  34|0x00000000c4800000, 0x00000000c4800000, 0x00000000c4900000|  0%| F|  |TAMS 0x00000000c4800000, 0x00000000c4800000| Untracked 
|  35|0x00000000c4900000, 0x00000000c4900000, 0x00000000c4a00000|  0%| F|  |TAMS 0x00000000c4900000, 0x00000000c4900000| Untracked 
|  36|0x00000000c4a00000, 0x00000000c4a00000, 0x00000000c4b00000|  0%| F|  |TAMS 0x00000000c4a00000, 0x00000000c4a00000| Untracked 
|  37|0x00000000c4b00000, 0x00000000c4b00000, 0x00000000c4c00000|  0%| F|  |TAMS 0x00000000c4b00000, 0x00000000c4b00000| Untracked 
|  38|0x00000000c4c00000, 0x00000000c4c00000, 0x00000000c4d00000|  0%| F|  |TAMS 0x00000000c4c00000, 0x00000000c4c00000| Untracked 
|  39|0x00000000c4d00000, 0x00000000c4d00000, 0x00000000c4e00000|  0%| F|  |TAMS 0x00000000c4d00000, 0x00000000c4d00000| Untracked 
|  40|0x00000000c4e00000, 0x00000000c4e00000, 0x00000000c4f00000|  0%| F|  |TAMS 0x00000000c4e00000, 0x00000000c4e00000| Untracked 
|  41|0x00000000c4f00000, 0x00000000c4f00000, 0x00000000c5000000|  0%| F|  |TAMS 0x00000000c4f00000, 0x00000000c4f00000| Untracked 
|  42|0x00000000c5000000, 0x00000000c5000000, 0x00000000c5100000|  0%| F|  |TAMS 0x00000000c5000000, 0x00000000c5000000| Untracked 
|  43|0x00000000c5100000, 0x00000000c5100000, 0x00000000c5200000|  0%| F|  |TAMS 0x00000000c5100000, 0x00000000c5100000| Untracked 
|  44|0x00000000c5200000, 0x00000000c5200000, 0x00000000c5300000|  0%| F|  |TAMS 0x00000000c5200000, 0x00000000c5200000| Untracked 
|  45|0x00000000c5300000, 0x00000000c5300000, 0x00000000c5400000|  0%| F|  |TAMS 0x00000000c5300000, 0x00000000c5300000| Untracked 
|  46|0x00000000c5400000, 0x00000000c5400000, 0x00000000c5500000|  0%| F|  |TAMS 0x00000000c5400000, 0x00000000c5400000| Untracked 
|  47|0x00000000c5500000, 0x00000000c5500000, 0x00000000c5600000|  0%| F|  |TAMS 0x00000000c5500000, 0x00000000c5500000| Untracked 
|  48|0x00000000c5600000, 0x00000000c5600000, 0x00000000c5700000|  0%| F|  |TAMS 0x00000000c5600000, 0x00000000c5600000| Untracked 
|  49|0x00000000c5700000, 0x00000000c5700000, 0x00000000c5800000|  0%| F|  |TAMS 0x00000000c5700000, 0x00000000c5700000| Untracked 
|  50|0x00000000c5800000, 0x00000000c5800000, 0x00000000c5900000|  0%| F|  |TAMS 0x00000000c5800000, 0x00000000c5800000| Untracked 
|  51|0x00000000c5900000, 0x00000000c5900000, 0x00000000c5a00000|  0%| F|  |TAMS 0x00000000c5900000, 0x00000000c5900000| Untracked 
|  52|0x00000000c5a00000, 0x00000000c5a00000, 0x00000000c5b00000|  0%| F|  |TAMS 0x00000000c5a00000, 0x00000000c5a00000| Untracked 
|  53|0x00000000c5b00000, 0x00000000c5b00000, 0x00000000c5c00000|  0%| F|  |TAMS 0x00000000c5b00000, 0x00000000c5b00000| Untracked 
|  54|0x00000000c5c00000, 0x00000000c5c00000, 0x00000000c5d00000|  0%| F|  |TAMS 0x00000000c5c00000, 0x00000000c5c00000| Untracked 
|  55|0x00000000c5d00000, 0x00000000c5d00000, 0x00000000c5e00000|  0%| F|  |TAMS 0x00000000c5d00000, 0x00000000c5d00000| Untracked 
|  56|0x00000000c5e00000, 0x00000000c5e00000, 0x00000000c5f00000|  0%| F|  |TAMS 0x00000000c5e00000, 0x00000000c5e00000| Untracked 
|  57|0x00000000c5f00000, 0x00000000c5f00000, 0x00000000c6000000|  0%| F|  |TAMS 0x00000000c5f00000, 0x00000000c5f00000| Untracked 
|  58|0x00000000c6000000, 0x00000000c6000000, 0x00000000c6100000|  0%| F|  |TAMS 0x00000000c6000000, 0x00000000c6000000| Untracked 
|  59|0x00000000c6100000, 0x00000000c6100000, 0x00000000c6200000|  0%| F|  |TAMS 0x00000000c6100000, 0x00000000c6100000| Untracked 
|  60|0x00000000c6200000, 0x00000000c6200000, 0x00000000c6300000|  0%| F|  |TAMS 0x00000000c6200000, 0x00000000c6200000| Untracked 
|  61|0x00000000c6300000, 0x00000000c6300000, 0x00000000c6400000|  0%| F|  |TAMS 0x00000000c6300000, 0x00000000c6300000| Untracked 
|  62|0x00000000c6400000, 0x00000000c6400000, 0x00000000c6500000|  0%| F|  |TAMS 0x00000000c6400000, 0x00000000c6400000| Untracked 
|  63|0x00000000c6500000, 0x00000000c6500000, 0x00000000c6600000|  0%| F|  |TAMS 0x00000000c6500000, 0x00000000c6500000| Untracked 
|  64|0x00000000c6600000, 0x00000000c6600000, 0x00000000c6700000|  0%| F|  |TAMS 0x00000000c6600000, 0x00000000c6600000| Untracked 
|  65|0x00000000c6700000, 0x00000000c6700000, 0x00000000c6800000|  0%| F|  |TAMS 0x00000000c6700000, 0x00000000c6700000| Untracked 
|  66|0x00000000c6800000, 0x00000000c6800000, 0x00000000c6900000|  0%| F|  |TAMS 0x00000000c6800000, 0x00000000c6800000| Untracked 
|  67|0x00000000c6900000, 0x00000000c6900000, 0x00000000c6a00000|  0%| F|  |TAMS 0x00000000c6900000, 0x00000000c6900000| Untracked 
|  68|0x00000000c6a00000, 0x00000000c6a00000, 0x00000000c6b00000|  0%| F|  |TAMS 0x00000000c6a00000, 0x00000000c6a00000| Untracked 
|  69|0x00000000c6b00000, 0x00000000c6b00000, 0x00000000c6c00000|  0%| F|  |TAMS 0x00000000c6b00000, 0x00000000c6b00000| Untracked 
|  70|0x00000000c6c00000, 0x00000000c6c00000, 0x00000000c6d00000|  0%| F|  |TAMS 0x00000000c6c00000, 0x00000000c6c00000| Untracked 
|  71|0x00000000c6d00000, 0x00000000c6d00000, 0x00000000c6e00000|  0%| F|  |TAMS 0x00000000c6d00000, 0x00000000c6d00000| Untracked 
|  72|0x00000000c6e00000, 0x00000000c6e00000, 0x00000000c6f00000|  0%| F|  |TAMS 0x00000000c6e00000, 0x00000000c6e00000| Untracked 
|  73|0x00000000c6f00000, 0x00000000c6f00000, 0x00000000c7000000|  0%| F|  |TAMS 0x00000000c6f00000, 0x00000000c6f00000| Untracked 
|  74|0x00000000c7000000, 0x00000000c7000000, 0x00000000c7100000|  0%| F|  |TAMS 0x00000000c7000000, 0x00000000c7000000| Untracked 
|  75|0x00000000c7100000, 0x00000000c7100000, 0x00000000c7200000|  0%| F|  |TAMS 0x00000000c7100000, 0x00000000c7100000| Untracked 
|  76|0x00000000c7200000, 0x00000000c7200000, 0x00000000c7300000|  0%| F|  |TAMS 0x00000000c7200000, 0x00000000c7200000| Untracked 
|  77|0x00000000c7300000, 0x00000000c7300000, 0x00000000c7400000|  0%| F|  |TAMS 0x00000000c7300000, 0x00000000c7300000| Untracked 
|  78|0x00000000c7400000, 0x00000000c7400000, 0x00000000c7500000|  0%| F|  |TAMS 0x00000000c7400000, 0x00000000c7400000| Untracked 
|  79|0x00000000c7500000, 0x00000000c7500000, 0x00000000c7600000|  0%| F|  |TAMS 0x00000000c7500000, 0x00000000c7500000| Untracked 
|  80|0x00000000c7600000, 0x00000000c7600000, 0x00000000c7700000|  0%| F|  |TAMS 0x00000000c7600000, 0x00000000c7600000| Untracked 
|  81|0x00000000c7700000, 0x00000000c7700000, 0x00000000c7800000|  0%| F|  |TAMS 0x00000000c7700000, 0x00000000c7700000| Untracked 
|  82|0x00000000c7800000, 0x00000000c7800000, 0x00000000c7900000|  0%| F|  |TAMS 0x00000000c7800000, 0x00000000c7800000| Untracked 
|  83|0x00000000c7900000, 0x00000000c7900000, 0x00000000c7a00000|  0%| F|  |TAMS 0x00000000c7900000, 0x00000000c7900000| Untracked 
|  84|0x00000000c7a00000, 0x00000000c7a00000, 0x00000000c7b00000|  0%| F|  |TAMS 0x00000000c7a00000, 0x00000000c7a00000| Untracked 
|  85|0x00000000c7b00000, 0x00000000c7b00000, 0x00000000c7c00000|  0%| F|  |TAMS 0x00000000c7b00000, 0x00000000c7b00000| Untracked 
|  86|0x00000000c7c00000, 0x00000000c7c00000, 0x00000000c7d00000|  0%| F|  |TAMS 0x00000000c7c00000, 0x00000000c7c00000| Untracked 
|  87|0x00000000c7d00000, 0x00000000c7d00000, 0x00000000c7e00000|  0%| F|  |TAMS 0x00000000c7d00000, 0x00000000c7d00000| Untracked 
|  88|0x00000000c7e00000, 0x00000000c7e00000, 0x00000000c7f00000|  0%| F|  |TAMS 0x00000000c7e00000, 0x00000000c7e00000| Untracked 
|  89|0x00000000c7f00000, 0x00000000c7f00000, 0x00000000c8000000|  0%| F|  |TAMS 0x00000000c7f00000, 0x00000000c7f00000| Untracked 
|  90|0x00000000c8000000, 0x00000000c8000000, 0x00000000c8100000|  0%| F|  |TAMS 0x00000000c8000000, 0x00000000c8000000| Untracked 
|  91|0x00000000c8100000, 0x00000000c8100000, 0x00000000c8200000|  0%| F|  |TAMS 0x00000000c8100000, 0x00000000c8100000| Untracked 
|  92|0x00000000c8200000, 0x00000000c8200000, 0x00000000c8300000|  0%| F|  |TAMS 0x00000000c8200000, 0x00000000c8200000| Untracked 
|  93|0x00000000c8300000, 0x00000000c8300000, 0x00000000c8400000|  0%| F|  |TAMS 0x00000000c8300000, 0x00000000c8300000| Untracked 
|  94|0x00000000c8400000, 0x00000000c8400000, 0x00000000c8500000|  0%| F|  |TAMS 0x00000000c8400000, 0x00000000c8400000| Untracked 
|  95|0x00000000c8500000, 0x00000000c8500000, 0x00000000c8600000|  0%| F|  |TAMS 0x00000000c8500000, 0x00000000c8500000| Untracked 
|  96|0x00000000c8600000, 0x00000000c8600000, 0x00000000c8700000|  0%| F|  |TAMS 0x00000000c8600000, 0x00000000c8600000| Untracked 
|  97|0x00000000c8700000, 0x00000000c8700000, 0x00000000c8800000|  0%| F|  |TAMS 0x00000000c8700000, 0x00000000c8700000| Untracked 
|  98|0x00000000c8800000, 0x00000000c8800000, 0x00000000c8900000|  0%| F|  |TAMS 0x00000000c8800000, 0x00000000c8800000| Untracked 
|  99|0x00000000c8900000, 0x00000000c8900000, 0x00000000c8a00000|  0%| F|  |TAMS 0x00000000c8900000, 0x00000000c8900000| Untracked 
| 100|0x00000000c8a00000, 0x00000000c8a00000, 0x00000000c8b00000|  0%| F|  |TAMS 0x00000000c8a00000, 0x00000000c8a00000| Untracked 
| 101|0x00000000c8b00000, 0x00000000c8b00000, 0x00000000c8c00000|  0%| F|  |TAMS 0x00000000c8b00000, 0x00000000c8b00000| Untracked 
| 102|0x00000000c8c00000, 0x00000000c8c00000, 0x00000000c8d00000|  0%| F|  |TAMS 0x00000000c8c00000, 0x00000000c8c00000| Untracked 
| 103|0x00000000c8d00000, 0x00000000c8d00000, 0x00000000c8e00000|  0%| F|  |TAMS 0x00000000c8d00000, 0x00000000c8d00000| Untracked 
| 104|0x00000000c8e00000, 0x00000000c8e00000, 0x00000000c8f00000|  0%| F|  |TAMS 0x00000000c8e00000, 0x00000000c8e00000| Untracked 
| 105|0x00000000c8f00000, 0x00000000c8f00000, 0x00000000c9000000|  0%| F|  |TAMS 0x00000000c8f00000, 0x00000000c8f00000| Untracked 
| 106|0x00000000c9000000, 0x00000000c9000000, 0x00000000c9100000|  0%| F|  |TAMS 0x00000000c9000000, 0x00000000c9000000| Untracked 
| 107|0x00000000c9100000, 0x00000000c9100000, 0x00000000c9200000|  0%| F|  |TAMS 0x00000000c9100000, 0x00000000c9100000| Untracked 
| 108|0x00000000c9200000, 0x00000000c9200000, 0x00000000c9300000|  0%| F|  |TAMS 0x00000000c9200000, 0x00000000c9200000| Untracked 
| 109|0x00000000c9300000, 0x00000000c9300000, 0x00000000c9400000|  0%| F|  |TAMS 0x00000000c9300000, 0x00000000c9300000| Untracked 
| 110|0x00000000c9400000, 0x00000000c9400000, 0x00000000c9500000|  0%| F|  |TAMS 0x00000000c9400000, 0x00000000c9400000| Untracked 
| 111|0x00000000c9500000, 0x00000000c9500000, 0x00000000c9600000|  0%| F|  |TAMS 0x00000000c9500000, 0x00000000c9500000| Untracked 
| 112|0x00000000c9600000, 0x00000000c9600000, 0x00000000c9700000|  0%| F|  |TAMS 0x00000000c9600000, 0x00000000c9600000| Untracked 
| 113|0x00000000c9700000, 0x00000000c9700000, 0x00000000c9800000|  0%| F|  |TAMS 0x00000000c9700000, 0x00000000c9700000| Untracked 
| 114|0x00000000c9800000, 0x00000000c9800000, 0x00000000c9900000|  0%| F|  |TAMS 0x00000000c9800000, 0x00000000c9800000| Untracked 
| 115|0x00000000c9900000, 0x00000000c9900000, 0x00000000c9a00000|  0%| F|  |TAMS 0x00000000c9900000, 0x00000000c9900000| Untracked 
| 116|0x00000000c9a00000, 0x00000000c9a00000, 0x00000000c9b00000|  0%| F|  |TAMS 0x00000000c9a00000, 0x00000000c9a00000| Untracked 
| 117|0x00000000c9b00000, 0x00000000c9b00000, 0x00000000c9c00000|  0%| F|  |TAMS 0x00000000c9b00000, 0x00000000c9b00000| Untracked 
| 118|0x00000000c9c00000, 0x00000000c9c00000, 0x00000000c9d00000|  0%| F|  |TAMS 0x00000000c9c00000, 0x00000000c9c00000| Untracked 
| 119|0x00000000c9d00000, 0x00000000c9d00000, 0x00000000c9e00000|  0%| F|  |TAMS 0x00000000c9d00000, 0x00000000c9d00000| Untracked 
| 120|0x00000000c9e00000, 0x00000000c9e00000, 0x00000000c9f00000|  0%| F|  |TAMS 0x00000000c9e00000, 0x00000000c9e00000| Untracked 
| 121|0x00000000c9f00000, 0x00000000c9f00000, 0x00000000ca000000|  0%| F|  |TAMS 0x00000000c9f00000, 0x00000000c9f00000| Untracked 
| 122|0x00000000ca000000, 0x00000000ca000000, 0x00000000ca100000|  0%| F|  |TAMS 0x00000000ca000000, 0x00000000ca000000| Untracked 
| 123|0x00000000ca100000, 0x00000000ca100000, 0x00000000ca200000|  0%| F|  |TAMS 0x00000000ca100000, 0x00000000ca100000| Untracked 
| 124|0x00000000ca200000, 0x00000000ca200000, 0x00000000ca300000|  0%| F|  |TAMS 0x00000000ca200000, 0x00000000ca200000| Untracked 
| 125|0x00000000ca300000, 0x00000000ca300000, 0x00000000ca400000|  0%| F|  |TAMS 0x00000000ca300000, 0x00000000ca300000| Untracked 
| 126|0x00000000ca400000, 0x00000000ca400000, 0x00000000ca500000|  0%| F|  |TAMS 0x00000000ca400000, 0x00000000ca400000| Untracked 
| 127|0x00000000ca500000, 0x00000000ca500000, 0x00000000ca600000|  0%| F|  |TAMS 0x00000000ca500000, 0x00000000ca500000| Untracked 
| 128|0x00000000ca600000, 0x00000000ca600000, 0x00000000ca700000|  0%| F|  |TAMS 0x00000000ca600000, 0x00000000ca600000| Untracked 
| 129|0x00000000ca700000, 0x00000000ca700000, 0x00000000ca800000|  0%| F|  |TAMS 0x00000000ca700000, 0x00000000ca700000| Untracked 
| 130|0x00000000ca800000, 0x00000000ca800000, 0x00000000ca900000|  0%| F|  |TAMS 0x00000000ca800000, 0x00000000ca800000| Untracked 
| 131|0x00000000ca900000, 0x00000000ca900000, 0x00000000caa00000|  0%| F|  |TAMS 0x00000000ca900000, 0x00000000ca900000| Untracked 
| 132|0x00000000caa00000, 0x00000000caa00000, 0x00000000cab00000|  0%| F|  |TAMS 0x00000000caa00000, 0x00000000caa00000| Untracked 
| 133|0x00000000cab00000, 0x00000000cab00000, 0x00000000cac00000|  0%| F|  |TAMS 0x00000000cab00000, 0x00000000cab00000| Untracked 
| 134|0x00000000cac00000, 0x00000000cac00000, 0x00000000cad00000|  0%| F|  |TAMS 0x00000000cac00000, 0x00000000cac00000| Untracked 
| 135|0x00000000cad00000, 0x00000000cad00000, 0x00000000cae00000|  0%| F|  |TAMS 0x00000000cad00000, 0x00000000cad00000| Untracked 
| 136|0x00000000cae00000, 0x00000000cae00000, 0x00000000caf00000|  0%| F|  |TAMS 0x00000000cae00000, 0x00000000cae00000| Untracked 
| 137|0x00000000caf00000, 0x00000000caf00000, 0x00000000cb000000|  0%| F|  |TAMS 0x00000000caf00000, 0x00000000caf00000| Untracked 
| 138|0x00000000cb000000, 0x00000000cb000000, 0x00000000cb100000|  0%| F|  |TAMS 0x00000000cb000000, 0x00000000cb000000| Untracked 
| 139|0x00000000cb100000, 0x00000000cb100000, 0x00000000cb200000|  0%| F|  |TAMS 0x00000000cb100000, 0x00000000cb100000| Untracked 
| 140|0x00000000cb200000, 0x00000000cb200000, 0x00000000cb300000|  0%| F|  |TAMS 0x00000000cb200000, 0x00000000cb200000| Untracked 
| 141|0x00000000cb300000, 0x00000000cb300000, 0x00000000cb400000|  0%| F|  |TAMS 0x00000000cb300000, 0x00000000cb300000| Untracked 
| 142|0x00000000cb400000, 0x00000000cb400000, 0x00000000cb500000|  0%| F|  |TAMS 0x00000000cb400000, 0x00000000cb400000| Untracked 
| 143|0x00000000cb500000, 0x00000000cb500000, 0x00000000cb600000|  0%| F|  |TAMS 0x00000000cb500000, 0x00000000cb500000| Untracked 
| 144|0x00000000cb600000, 0x00000000cb600000, 0x00000000cb700000|  0%| F|  |TAMS 0x00000000cb600000, 0x00000000cb600000| Untracked 
| 145|0x00000000cb700000, 0x00000000cb700000, 0x00000000cb800000|  0%| F|  |TAMS 0x00000000cb700000, 0x00000000cb700000| Untracked 
| 146|0x00000000cb800000, 0x00000000cb800000, 0x00000000cb900000|  0%| F|  |TAMS 0x00000000cb800000, 0x00000000cb800000| Untracked 
| 147|0x00000000cb900000, 0x00000000cb900000, 0x00000000cba00000|  0%| F|  |TAMS 0x00000000cb900000, 0x00000000cb900000| Untracked 
| 148|0x00000000cba00000, 0x00000000cba00000, 0x00000000cbb00000|  0%| F|  |TAMS 0x00000000cba00000, 0x00000000cba00000| Untracked 
| 149|0x00000000cbb00000, 0x00000000cbb00000, 0x00000000cbc00000|  0%| F|  |TAMS 0x00000000cbb00000, 0x00000000cbb00000| Untracked 
| 150|0x00000000cbc00000, 0x00000000cbc00000, 0x00000000cbd00000|  0%| F|  |TAMS 0x00000000cbc00000, 0x00000000cbc00000| Untracked 
| 151|0x00000000cbd00000, 0x00000000cbd00000, 0x00000000cbe00000|  0%| F|  |TAMS 0x00000000cbd00000, 0x00000000cbd00000| Untracked 
| 152|0x00000000cbe00000, 0x00000000cbe00000, 0x00000000cbf00000|  0%| F|  |TAMS 0x00000000cbe00000, 0x00000000cbe00000| Untracked 
| 153|0x00000000cbf00000, 0x00000000cbf00000, 0x00000000cc000000|  0%| F|  |TAMS 0x00000000cbf00000, 0x00000000cbf00000| Untracked 
| 154|0x00000000cc000000, 0x00000000cc000000, 0x00000000cc100000|  0%| F|  |TAMS 0x00000000cc000000, 0x00000000cc000000| Untracked 
| 155|0x00000000cc100000, 0x00000000cc100000, 0x00000000cc200000|  0%| F|  |TAMS 0x00000000cc100000, 0x00000000cc100000| Untracked 
| 156|0x00000000cc200000, 0x00000000cc200000, 0x00000000cc300000|  0%| F|  |TAMS 0x00000000cc200000, 0x00000000cc200000| Untracked 
| 157|0x00000000cc300000, 0x00000000cc300000, 0x00000000cc400000|  0%| F|  |TAMS 0x00000000cc300000, 0x00000000cc300000| Untracked 
| 158|0x00000000cc400000, 0x00000000cc400000, 0x00000000cc500000|  0%| F|  |TAMS 0x00000000cc400000, 0x00000000cc400000| Untracked 
| 159|0x00000000cc500000, 0x00000000cc500000, 0x00000000cc600000|  0%| F|  |TAMS 0x00000000cc500000, 0x00000000cc500000| Untracked 
| 160|0x00000000cc600000, 0x00000000cc600000, 0x00000000cc700000|  0%| F|  |TAMS 0x00000000cc600000, 0x00000000cc600000| Untracked 
| 161|0x00000000cc700000, 0x00000000cc700000, 0x00000000cc800000|  0%| F|  |TAMS 0x00000000cc700000, 0x00000000cc700000| Untracked 
| 162|0x00000000cc800000, 0x00000000cc800000, 0x00000000cc900000|  0%| F|  |TAMS 0x00000000cc800000, 0x00000000cc800000| Untracked 
| 163|0x00000000cc900000, 0x00000000cc900000, 0x00000000cca00000|  0%| F|  |TAMS 0x00000000cc900000, 0x00000000cc900000| Untracked 
| 164|0x00000000cca00000, 0x00000000cca00000, 0x00000000ccb00000|  0%| F|  |TAMS 0x00000000cca00000, 0x00000000cca00000| Untracked 
| 165|0x00000000ccb00000, 0x00000000ccb00000, 0x00000000ccc00000|  0%| F|  |TAMS 0x00000000ccb00000, 0x00000000ccb00000| Untracked 
| 166|0x00000000ccc00000, 0x00000000ccc00000, 0x00000000ccd00000|  0%| F|  |TAMS 0x00000000ccc00000, 0x00000000ccc00000| Untracked 
| 167|0x00000000ccd00000, 0x00000000ccd00000, 0x00000000cce00000|  0%| F|  |TAMS 0x00000000ccd00000, 0x00000000ccd00000| Untracked 
| 168|0x00000000cce00000, 0x00000000cce00000, 0x00000000ccf00000|  0%| F|  |TAMS 0x00000000cce00000, 0x00000000cce00000| Untracked 
| 169|0x00000000ccf00000, 0x00000000ccf00000, 0x00000000cd000000|  0%| F|  |TAMS 0x00000000ccf00000, 0x00000000ccf00000| Untracked 
| 170|0x00000000cd000000, 0x00000000cd000000, 0x00000000cd100000|  0%| F|  |TAMS 0x00000000cd000000, 0x00000000cd000000| Untracked 
| 171|0x00000000cd100000, 0x00000000cd100000, 0x00000000cd200000|  0%| F|  |TAMS 0x00000000cd100000, 0x00000000cd100000| Untracked 
| 172|0x00000000cd200000, 0x00000000cd200000, 0x00000000cd300000|  0%| F|  |TAMS 0x00000000cd200000, 0x00000000cd200000| Untracked 
| 173|0x00000000cd300000, 0x00000000cd300000, 0x00000000cd400000|  0%| F|  |TAMS 0x00000000cd300000, 0x00000000cd300000| Untracked 
| 174|0x00000000cd400000, 0x00000000cd400000, 0x00000000cd500000|  0%| F|  |TAMS 0x00000000cd400000, 0x00000000cd400000| Untracked 
| 175|0x00000000cd500000, 0x00000000cd500000, 0x00000000cd600000|  0%| F|  |TAMS 0x00000000cd500000, 0x00000000cd500000| Untracked 
| 176|0x00000000cd600000, 0x00000000cd600000, 0x00000000cd700000|  0%| F|  |TAMS 0x00000000cd600000, 0x00000000cd600000| Untracked 
| 177|0x00000000cd700000, 0x00000000cd700000, 0x00000000cd800000|  0%| F|  |TAMS 0x00000000cd700000, 0x00000000cd700000| Untracked 
| 178|0x00000000cd800000, 0x00000000cd800000, 0x00000000cd900000|  0%| F|  |TAMS 0x00000000cd800000, 0x00000000cd800000| Untracked 
| 179|0x00000000cd900000, 0x00000000cd900000, 0x00000000cda00000|  0%| F|  |TAMS 0x00000000cd900000, 0x00000000cd900000| Untracked 
| 180|0x00000000cda00000, 0x00000000cda00000, 0x00000000cdb00000|  0%| F|  |TAMS 0x00000000cda00000, 0x00000000cda00000| Untracked 
| 181|0x00000000cdb00000, 0x00000000cdb00000, 0x00000000cdc00000|  0%| F|  |TAMS 0x00000000cdb00000, 0x00000000cdb00000| Untracked 
| 182|0x00000000cdc00000, 0x00000000cdc00000, 0x00000000cdd00000|  0%| F|  |TAMS 0x00000000cdc00000, 0x00000000cdc00000| Untracked 
| 183|0x00000000cdd00000, 0x00000000cdd00000, 0x00000000cde00000|  0%| F|  |TAMS 0x00000000cdd00000, 0x00000000cdd00000| Untracked 
| 184|0x00000000cde00000, 0x00000000cde00000, 0x00000000cdf00000|  0%| F|  |TAMS 0x00000000cde00000, 0x00000000cde00000| Untracked 
| 185|0x00000000cdf00000, 0x00000000cdf00000, 0x00000000ce000000|  0%| F|  |TAMS 0x00000000cdf00000, 0x00000000cdf00000| Untracked 
| 186|0x00000000ce000000, 0x00000000ce000000, 0x00000000ce100000|  0%| F|  |TAMS 0x00000000ce000000, 0x00000000ce000000| Untracked 
| 187|0x00000000ce100000, 0x00000000ce100000, 0x00000000ce200000|  0%| F|  |TAMS 0x00000000ce100000, 0x00000000ce100000| Untracked 
| 188|0x00000000ce200000, 0x00000000ce200000, 0x00000000ce300000|  0%| F|  |TAMS 0x00000000ce200000, 0x00000000ce200000| Untracked 
| 189|0x00000000ce300000, 0x00000000ce300000, 0x00000000ce400000|  0%| F|  |TAMS 0x00000000ce300000, 0x00000000ce300000| Untracked 
| 190|0x00000000ce400000, 0x00000000ce400000, 0x00000000ce500000|  0%| F|  |TAMS 0x00000000ce400000, 0x00000000ce400000| Untracked 
| 191|0x00000000ce500000, 0x00000000ce500000, 0x00000000ce600000|  0%| F|  |TAMS 0x00000000ce500000, 0x00000000ce500000| Untracked 
| 192|0x00000000ce600000, 0x00000000ce600000, 0x00000000ce700000|  0%| F|  |TAMS 0x00000000ce600000, 0x00000000ce600000| Untracked 
| 193|0x00000000ce700000, 0x00000000ce700000, 0x00000000ce800000|  0%| F|  |TAMS 0x00000000ce700000, 0x00000000ce700000| Untracked 
| 194|0x00000000ce800000, 0x00000000ce800000, 0x00000000ce900000|  0%| F|  |TAMS 0x00000000ce800000, 0x00000000ce800000| Untracked 
| 195|0x00000000ce900000, 0x00000000ce900000, 0x00000000cea00000|  0%| F|  |TAMS 0x00000000ce900000, 0x00000000ce900000| Untracked 
| 196|0x00000000cea00000, 0x00000000cea00000, 0x00000000ceb00000|  0%| F|  |TAMS 0x00000000cea00000, 0x00000000cea00000| Untracked 
| 197|0x00000000ceb00000, 0x00000000ceb00000, 0x00000000cec00000|  0%| F|  |TAMS 0x00000000ceb00000, 0x00000000ceb00000| Untracked 
| 198|0x00000000cec00000, 0x00000000cec00000, 0x00000000ced00000|  0%| F|  |TAMS 0x00000000cec00000, 0x00000000cec00000| Untracked 
| 199|0x00000000ced00000, 0x00000000ced00000, 0x00000000cee00000|  0%| F|  |TAMS 0x00000000ced00000, 0x00000000ced00000| Untracked 
| 200|0x00000000cee00000, 0x00000000cee00000, 0x00000000cef00000|  0%| F|  |TAMS 0x00000000cee00000, 0x00000000cee00000| Untracked 
| 201|0x00000000cef00000, 0x00000000cef00000, 0x00000000cf000000|  0%| F|  |TAMS 0x00000000cef00000, 0x00000000cef00000| Untracked 
| 202|0x00000000cf000000, 0x00000000cf000000, 0x00000000cf100000|  0%| F|  |TAMS 0x00000000cf000000, 0x00000000cf000000| Untracked 
| 203|0x00000000cf100000, 0x00000000cf100000, 0x00000000cf200000|  0%| F|  |TAMS 0x00000000cf100000, 0x00000000cf100000| Untracked 
| 204|0x00000000cf200000, 0x00000000cf200000, 0x00000000cf300000|  0%| F|  |TAMS 0x00000000cf200000, 0x00000000cf200000| Untracked 
| 205|0x00000000cf300000, 0x00000000cf300000, 0x00000000cf400000|  0%| F|  |TAMS 0x00000000cf300000, 0x00000000cf300000| Untracked 
| 206|0x00000000cf400000, 0x00000000cf400000, 0x00000000cf500000|  0%| F|  |TAMS 0x00000000cf400000, 0x00000000cf400000| Untracked 
| 207|0x00000000cf500000, 0x00000000cf500000, 0x00000000cf600000|  0%| F|  |TAMS 0x00000000cf500000, 0x00000000cf500000| Untracked 
| 208|0x00000000cf600000, 0x00000000cf600000, 0x00000000cf700000|  0%| F|  |TAMS 0x00000000cf600000, 0x00000000cf600000| Untracked 
| 209|0x00000000cf700000, 0x00000000cf700000, 0x00000000cf800000|  0%| F|  |TAMS 0x00000000cf700000, 0x00000000cf700000| Untracked 
| 210|0x00000000cf800000, 0x00000000cf800000, 0x00000000cf900000|  0%| F|  |TAMS 0x00000000cf800000, 0x00000000cf800000| Untracked 
| 211|0x00000000cf900000, 0x00000000cf900000, 0x00000000cfa00000|  0%| F|  |TAMS 0x00000000cf900000, 0x00000000cf900000| Untracked 
| 212|0x00000000cfa00000, 0x00000000cfa00000, 0x00000000cfb00000|  0%| F|  |TAMS 0x00000000cfa00000, 0x00000000cfa00000| Untracked 
| 213|0x00000000cfb00000, 0x00000000cfb00000, 0x00000000cfc00000|  0%| F|  |TAMS 0x00000000cfb00000, 0x00000000cfb00000| Untracked 
| 214|0x00000000cfc00000, 0x00000000cfc00000, 0x00000000cfd00000|  0%| F|  |TAMS 0x00000000cfc00000, 0x00000000cfc00000| Untracked 
| 215|0x00000000cfd00000, 0x00000000cfd00000, 0x00000000cfe00000|  0%| F|  |TAMS 0x00000000cfd00000, 0x00000000cfd00000| Untracked 
| 216|0x00000000cfe00000, 0x00000000cfe00000, 0x00000000cff00000|  0%| F|  |TAMS 0x00000000cfe00000, 0x00000000cfe00000| Untracked 
| 217|0x00000000cff00000, 0x00000000cff00000, 0x00000000d0000000|  0%| F|  |TAMS 0x00000000cff00000, 0x00000000cff00000| Untracked 
| 218|0x00000000d0000000, 0x00000000d0000000, 0x00000000d0100000|  0%| F|  |TAMS 0x00000000d0000000, 0x00000000d0000000| Untracked 
| 219|0x00000000d0100000, 0x00000000d0100000, 0x00000000d0200000|  0%| F|  |TAMS 0x00000000d0100000, 0x00000000d0100000| Untracked 
| 220|0x00000000d0200000, 0x00000000d0200000, 0x00000000d0300000|  0%| F|  |TAMS 0x00000000d0200000, 0x00000000d0200000| Untracked 
| 221|0x00000000d0300000, 0x00000000d0300000, 0x00000000d0400000|  0%| F|  |TAMS 0x00000000d0300000, 0x00000000d0300000| Untracked 
| 222|0x00000000d0400000, 0x00000000d0400000, 0x00000000d0500000|  0%| F|  |TAMS 0x00000000d0400000, 0x00000000d0400000| Untracked 
| 223|0x00000000d0500000, 0x00000000d0500000, 0x00000000d0600000|  0%| F|  |TAMS 0x00000000d0500000, 0x00000000d0500000| Untracked 
| 224|0x00000000d0600000, 0x00000000d0600000, 0x00000000d0700000|  0%| F|  |TAMS 0x00000000d0600000, 0x00000000d0600000| Untracked 
| 225|0x00000000d0700000, 0x00000000d0700000, 0x00000000d0800000|  0%| F|  |TAMS 0x00000000d0700000, 0x00000000d0700000| Untracked 
| 226|0x00000000d0800000, 0x00000000d0800000, 0x00000000d0900000|  0%| F|  |TAMS 0x00000000d0800000, 0x00000000d0800000| Untracked 
| 227|0x00000000d0900000, 0x00000000d0900000, 0x00000000d0a00000|  0%| F|  |TAMS 0x00000000d0900000, 0x00000000d0900000| Untracked 
| 228|0x00000000d0a00000, 0x00000000d0a00000, 0x00000000d0b00000|  0%| F|  |TAMS 0x00000000d0a00000, 0x00000000d0a00000| Untracked 
| 229|0x00000000d0b00000, 0x00000000d0b00000, 0x00000000d0c00000|  0%| F|  |TAMS 0x00000000d0b00000, 0x00000000d0b00000| Untracked 
| 230|0x00000000d0c00000, 0x00000000d0c00000, 0x00000000d0d00000|  0%| F|  |TAMS 0x00000000d0c00000, 0x00000000d0c00000| Untracked 
| 231|0x00000000d0d00000, 0x00000000d0d00000, 0x00000000d0e00000|  0%| F|  |TAMS 0x00000000d0d00000, 0x00000000d0d00000| Untracked 
| 232|0x00000000d0e00000, 0x00000000d0e00000, 0x00000000d0f00000|  0%| F|  |TAMS 0x00000000d0e00000, 0x00000000d0e00000| Untracked 
| 233|0x00000000d0f00000, 0x00000000d0f00000, 0x00000000d1000000|  0%| F|  |TAMS 0x00000000d0f00000, 0x00000000d0f00000| Untracked 
| 234|0x00000000d1000000, 0x00000000d1000000, 0x00000000d1100000|  0%| F|  |TAMS 0x00000000d1000000, 0x00000000d1000000| Untracked 
| 235|0x00000000d1100000, 0x00000000d1100000, 0x00000000d1200000|  0%| F|  |TAMS 0x00000000d1100000, 0x00000000d1100000| Untracked 
| 236|0x00000000d1200000, 0x00000000d1200000, 0x00000000d1300000|  0%| F|  |TAMS 0x00000000d1200000, 0x00000000d1200000| Untracked 
| 237|0x00000000d1300000, 0x00000000d133f5e0, 0x00000000d1400000| 24%| S|CS|TAMS 0x00000000d1300000, 0x00000000d1300000| Complete 
| 238|0x00000000d1400000, 0x00000000d1400000, 0x00000000d1500000|  0%| F|  |TAMS 0x00000000d1400000, 0x00000000d1400000| Untracked 
| 239|0x00000000d1500000, 0x00000000d1500000, 0x00000000d1600000|  0%| F|  |TAMS 0x00000000d1500000, 0x00000000d1500000| Untracked 
| 240|0x00000000d1600000, 0x00000000d1600000, 0x00000000d1700000|  0%| F|  |TAMS 0x00000000d1600000, 0x00000000d1600000| Untracked 
| 241|0x00000000d1700000, 0x00000000d1700000, 0x00000000d1800000|  0%| F|  |TAMS 0x00000000d1700000, 0x00000000d1700000| Untracked 
| 242|0x00000000d1800000, 0x00000000d1800000, 0x00000000d1900000|  0%| F|  |TAMS 0x00000000d1800000, 0x00000000d1800000| Untracked 
| 243|0x00000000d1900000, 0x00000000d1900000, 0x00000000d1a00000|  0%| F|  |TAMS 0x00000000d1900000, 0x00000000d1900000| Untracked 
| 244|0x00000000d1a00000, 0x00000000d1a00000, 0x00000000d1b00000|  0%| F|  |TAMS 0x00000000d1a00000, 0x00000000d1a00000| Untracked 
| 245|0x00000000d1b00000, 0x00000000d1b00000, 0x00000000d1c00000|  0%| F|  |TAMS 0x00000000d1b00000, 0x00000000d1b00000| Untracked 
| 246|0x00000000d1c00000, 0x00000000d1c00000, 0x00000000d1d00000|  0%| F|  |TAMS 0x00000000d1c00000, 0x00000000d1c00000| Untracked 
| 247|0x00000000d1d00000, 0x00000000d1d00000, 0x00000000d1e00000|  0%| F|  |TAMS 0x00000000d1d00000, 0x00000000d1d00000| Untracked 
| 248|0x00000000d1e00000, 0x00000000d1e00000, 0x00000000d1f00000|  0%| F|  |TAMS 0x00000000d1e00000, 0x00000000d1e00000| Untracked 
| 984|0x00000000ffe00000, 0x00000000ffe34000, 0x00000000fff00000| 20%|OA|  |TAMS 0x00000000ffe34000, 0x00000000ffe00000| Untracked 
| 985|0x00000000fff00000, 0x00000000fff6a000, 0x0000000100000000| 41%|CA|  |TAMS 0x00000000fff6a000, 0x00000000fff00000| Untracked 

Card table byte_map: [0x00007f5dfb822000,0x00007f5dfba0f000] _byte_map_base: 0x00007f5dfb20f000

Marking Bits (Prev, Next): (CMBitMap*) 0x00007f5e1803ea18, (CMBitMap*) 0x00007f5e1803ea50
 Prev Bits: [0x00007f5dfa6cd000, 0x00007f5dfb635000)
 Next Bits: [0x00007f5df9765000, 0x00007f5dfa6cd000)

Polling page: 0x00007f5e1f805000

Metaspace:

Usage:
  Non-class:     28.03 MB capacity,    26.97 MB ( 96%) used,  1004.09 KB (  3%) free+waste,    83.12 KB ( <1%) overhead. 
      Class:      6.64 MB capacity,     6.30 MB ( 95%) used,   300.10 KB (  4%) free+waste,    46.38 KB ( <1%) overhead. 
       Both:     34.67 MB capacity,    33.27 MB ( 96%) used,     1.27 MB (  4%) free+waste,   129.50 KB ( <1%) overhead. 

Virtual space:
  Non-class space:       30.00 MB reserved,      28.42 MB ( 95%) committed 
      Class space:        1.00 GB reserved,       6.75 MB ( <1%) committed 
             Both:        1.03 GB reserved,      35.17 MB (  3%) committed 

Chunk freelists:
   Non-Class:  187.00 KB
       Class:  15.00 KB
        Both:  202.00 KB

CodeHeap 'non-profiled nmethods': size=120032Kb used=3351Kb max_used=3357Kb free=116680Kb
 bounds [0x00007f5e07be4000, 0x00007f5e07f34000, 0x00007f5e0f11c000]
CodeHeap 'profiled nmethods': size=120032Kb used=12776Kb max_used=12776Kb free=107255Kb
 bounds [0x00007f5e006ac000, 0x00007f5e0132c000, 0x00007f5e07be4000]
CodeHeap 'non-nmethods': size=5696Kb used=1356Kb max_used=1417Kb free=4339Kb
 bounds [0x00007f5e0011c000, 0x00007f5e0038c000, 0x00007f5e006ac000]
 total_blobs=7587 nmethods=5398 adapters=715
 compilation: enabled
              stopped_count=0, restarted_count=0
 full_count=0

Compilation events (10 events):
Event: 251.128 Thread 0x00007f5e1812b800 nmethod 5447 0x00007f5e01324490 code [0x00007f5e01324640, 0x00007f5e013247b0]
Event: 252.181 Thread 0x00007f5e1812b800 5449       3       java.util.TreeMap::get (19 bytes)
Event: 268.665 Thread 0x00007f5e1812b800 nmethod 5449 0x00007f5e01324890 code [0x00007f5e01324a60, 0x00007f5e01324c88]
Event: 269.799 Thread 0x00007f5e1812b800 5448   !   3       sun.awt.X11.XToolkit::windowToXWindow (27 bytes)
Event: 288.686 Thread 0x00007f5e1812b800 nmethod 5448 0x00007f5e01324d90 code [0x00007f5e01324f80, 0x00007f5e013254f8]
Event: 293.492 Thread 0x00007f5e1812b800 5453       3       sun.awt.AWTAccessor::getAWTEventAccessor (18 bytes)
Event: 312.325 Thread 0x00007f5e1812b800 nmethod 5453 0x00007f5e01325710 code [0x00007f5e013258e0, 0x00007f5e01325b28]
Event: 312.561 Thread 0x00007f5e1812b800 5457       3       sun.awt.X11.XEvent::get_xany (22 bytes)
Event: 389.703 Thread 0x00007f5e1812b800 nmethod 5457 0x00007f5e01325c10 code [0x00007f5e01325e20, 0x00007f5e013264b8]
Event: 391.644 Thread 0x00007f5e1812b800 5461       3       javax.swing.text.PlainView::updateDamage (354 bytes)

GC Heap History (10 events):
Event: 23.340 GC heap after
{Heap after GC invocations=43 (full 0):
 garbage-first heap   total 189440K, used 12804K [0x00000000c2600000, 0x0000000100000000)
  region size 1024K, 2 young (2048K), 2 survivors (2048K)
 Metaspace       used 34062K, capacity 35558K, committed 35888K, reserved 1079296K
  class space    used 6450K, capacity 6773K, committed 6784K, reserved 1048576K
}
Event: 24.132 GC heap before
{Heap before GC invocations=43 (full 0):
 garbage-first heap   total 189440K, used 124420K [0x00000000c2600000, 0x0000000100000000)
  region size 1024K, 111 young (113664K), 2 survivors (2048K)
 Metaspace       used 34062K, capacity 35558K, committed 35888K, reserved 1079296K
  class space    used 6450K, capacity 6773K, committed 6784K, reserved 1048576K
}
Event: 24.348 GC heap after
{Heap after GC invocations=44 (full 0):
 garbage-first heap   total 257024K, used 12796K [0x00000000c2600000, 0x0000000100000000)
  region size 1024K, 2 young (2048K), 2 survivors (2048K)
 Metaspace       used 34062K, capacity 35558K, committed 35888K, reserved 1079296K
  class space    used 6450K, capacity 6773K, committed 6784K, reserved 1048576K
}
Event: 167.128 GC heap before
{Heap before GC invocations=44 (full 0):
 garbage-first heap   total 257024K, used 111100K [0x00000000c2600000, 0x0000000100000000)
  region size 1024K, 99 young (101376K), 2 survivors (2048K)
 Metaspace       used 34085K, capacity 35558K, committed 35888K, reserved 1079296K
  class space    used 6451K, capacity 6773K, committed 6784K, reserved 1048576K
}
Event: 173.100 GC heap after
{Heap after GC invocations=45 (full 0):
 garbage-first heap   total 257024K, used 12668K [0x00000000c2600000, 0x0000000100000000)
  region size 1024K, 1 young (1024K), 1 survivors (1024K)
 Metaspace       used 34085K, capacity 35558K, committed 35888K, reserved 1079296K
  class space    used 6451K, capacity 6773K, committed 6784K, reserved 1048576K
}
Event: 322.233 GC heap before
{Heap before GC invocations=46 (full 0):
 garbage-first heap   total 257024K, used 23932K [0x00000000c2600000, 0x0000000100000000)
  region size 1024K, 12 young (12288K), 1 survivors (1024K)
 Metaspace       used 34071K, capacity 35506K, committed 36016K, reserved 1079296K
  class space    used 6454K, capacity 6801K, committed 6912K, reserved 1048576K
}
Event: 332.152 GC heap after
{Heap after GC invocations=47 (full 0):
 garbage-first heap   total 257024K, used 12060K [0x00000000c2600000, 0x0000000100000000)
  region size 1024K, 1 young (1024K), 1 survivors (1024K)
 Metaspace       used 34071K, capacity 35506K, committed 36016K, reserved 1079296K
  class space    used 6454K, capacity 6801K, committed 6912K, reserved 1048576K
}
Event: 450.415 GC heap before
{Heap before GC invocations=47 (full 0):
 garbage-first heap   total 257024K, used 23324K [0x00000000c2600000, 0x0000000100000000)
  region size 1024K, 12 young (12288K), 1 survivors (1024K)
 Metaspace       used 34072K, capacity 35506K, committed 36016K, reserved 1079296K
  class space    used 6454K, capacity 6801K, committed 6912K, reserved 1048576K
}
Event: 455.149 GC heap after
{Heap after GC invocations=48 (full 0):
 garbage-first heap   total 257024K, used 11953K [0x00000000c2600000, 0x0000000100000000)
  region size 1024K, 1 young (1024K), 1 survivors (1024K)
 Metaspace       used 34072K, capacity 35506K, committed 36016K, reserved 1079296K
  class space    used 6454K, capacity 6801K, committed 6912K, reserved 1048576K
}
Event: 509.046 GC heap before
{Heap before GC invocations=48 (full 0):
 garbage-first heap   total 257024K, used 23217K [0x00000000c2600000, 0x0000000100000000)
  region size 1024K, 12 young (12288K), 1 survivors (1024K)
 Metaspace       used 34072K, capacity 35506K, committed 36016K, reserved 1079296K
  class space    used 6454K, capacity 6801K, committed 6912K, reserved 1048576K
}

Deoptimization events (10 events):
Event: 256.092 Thread 0x00007f5e18012000 DEOPT PACKING pc=0x00007f5e07e7bdc0 sp=0x00007f5e1f7cdee0
Event: 256.325 Thread 0x00007f5e18012000 DEOPT UNPACKING pc=0x00007f5e00143c1f sp=0x00007f5e1f7cdb88 mode 2
Event: 399.940 Thread 0x00007f5e18c5a000 Uncommon trap: trap_request=0xffffff4d fr.pc=0x00007f5e07f0374c relative=0x000000000000018c
Event: 400.863 Thread 0x00007f5e18c5a000 Uncommon trap: reason=unstable_if action=reinterpret pc=0x00007f5e07f0374c method=sun.java2d.xr.XRSurfaceData.validateAsSource(Ljava/awt/geom/AffineTransform;II)V @ 4 c2
Event: 401.867 Thread 0x00007f5e18c5a000 DEOPT PACKING pc=0x00007f5e07f0374c sp=0x00007f5da5489980
Event: 407.009 Thread 0x00007f5e18c5a000 DEOPT UNPACKING pc=0x00007f5e00143c1f sp=0x00007f5da5489928 mode 2
Event: 409.996 Thread 0x00007f5e18c5a000 Uncommon trap: trap_request=0xffffff4d fr.pc=0x00007f5e07e44a18 relative=0x0000000000000358
Event: 410.609 Thread 0x00007f5e18c5a000 Uncommon trap: reason=unstable_if action=reinterpret pc=0x00007f5e07e44a18 method=sun.java2d.xr.XRCompositeManager.validateCompositeState(Ljava/awt/Composite;Ljava/awt/geom/AffineTransform;Ljava/awt/Paint;Lsun/java2d/SunGraphics2D;)V @ 9 c2
Event: 411.860 Thread 0x00007f5e18c5a000 DEOPT PACKING pc=0x00007f5e07e44a18 sp=0x00007f5da5489960
Event: 413.949 Thread 0x00007f5e18c5a000 DEOPT UNPACKING pc=0x00007f5e00143c1f sp=0x00007f5da5489910 mode 2

Classes redefined (0 events):
No events

Internal exceptions (10 events):
Event: 197.719 Thread 0x00007f5e18121800 Implicit null exception at 0x00007f5e012b8216 to 0x00007f5e012b8ebe
Event: 200.050 Thread 0x00007f5e18121800 Exception <a 'java/lang/NullPointerException'{0x00000000d1e02230}> (0x00000000d1e02230) thrown at [/build/openjdk-lts-7bqZff/openjdk-lts-11.0.4+11/src/hotspot/share/runtime/sharedRuntime.cpp, line 584]
Event: 333.545 Thread 0x00007f5e18121800 Implicit null exception at 0x00007f5e012b6dec to 0x00007f5e012b8b3f
Event: 340.558 Thread 0x00007f5e18121800 Exception <a 'java/lang/NullPointerException'{0x00000000d1d00000}> (0x00000000d1d00000) thrown at [/build/openjdk-lts-7bqZff/openjdk-lts-11.0.4+11/src/hotspot/share/runtime/sharedRuntime.cpp, line 584]
Event: 341.339 Thread 0x00007f5e18121800 Implicit null exception at 0x00007f5e012b8216 to 0x00007f5e012b8ebe
Event: 343.229 Thread 0x00007f5e18121800 Exception <a 'java/lang/NullPointerException'{0x00000000d1d002d0}> (0x00000000d1d002d0) thrown at [/build/openjdk-lts-7bqZff/openjdk-lts-11.0.4+11/src/hotspot/share/runtime/sharedRuntime.cpp, line 584]
Event: 456.291 Thread 0x00007f5e18121800 Implicit null exception at 0x00007f5e012b6dec to 0x00007f5e012b8b3f
Event: 457.314 Thread 0x00007f5e18121800 Exception <a 'java/lang/NullPointerException'{0x00000000d1e6f248}> (0x00000000d1e6f248) thrown at [/build/openjdk-lts-7bqZff/openjdk-lts-11.0.4+11/src/hotspot/share/runtime/sharedRuntime.cpp, line 584]
Event: 457.350 Thread 0x00007f5e18121800 Implicit null exception at 0x00007f5e012b8216 to 0x00007f5e012b8ebe
Event: 458.484 Thread 0x00007f5e18121800 Exception <a 'java/lang/NullPointerException'{0x00000000d1e6f518}> (0x00000000d1e6f518) thrown at [/build/openjdk-lts-7bqZff/openjdk-lts-11.0.4+11/src/hotspot/share/runtime/sharedRuntime.cpp, line 584]

Events (10 events):
Event: 362.012 Executing VM operation: RevokeBias
Event: 364.004 Executing VM operation: RevokeBias done
Event: 364.302 Thread 0x00007f5d78001800 Thread exited: 0x00007f5d78001800
Event: 407.038 Executing VM operation: RevokeBias
Event: 410.185 Executing VM operation: RevokeBias done
Event: 412.086 Executing VM operation: RevokeBias
Event: 417.892 Executing VM operation: RevokeBias done
Event: 448.971 Executing VM operation: G1CollectForAllocation
Event: 455.736 Executing VM operation: G1CollectForAllocation done
Event: 507.643 Executing VM operation: G1CollectForAllocation


Dynamic libraries:
c2600000-d1f00000 rw-p 00000000 00:00 0 
e0300000-ffe00000 ---p 00000000 00:00 0 
ffe00000-ffe34000 rw-p 01116000 08:01 13114036                           /usr/lib/jvm/java-11-openjdk-amd64/lib/server/classes.jsa
ffe34000-fff00000 rw-p 00000000 00:00 0 
fff00000-fff6a000 rw-p 010ac000 08:01 13114036                           /usr/lib/jvm/java-11-openjdk-amd64/lib/server/classes.jsa
fff6a000-100000000 rw-p 00000000 00:00 0 
800000000-800002000 rwxp 00001000 08:01 13114036                         /usr/lib/jvm/java-11-openjdk-amd64/lib/server/classes.jsa
800002000-8003bd000 rw-p 00003000 08:01 13114036                         /usr/lib/jvm/java-11-openjdk-amd64/lib/server/classes.jsa
8003bd000-800a98000 r--p 003be000 08:01 13114036                         /usr/lib/jvm/java-11-openjdk-amd64/lib/server/classes.jsa
800a98000-800a99000 rw-p 00a99000 08:01 13114036                         /usr/lib/jvm/java-11-openjdk-amd64/lib/server/classes.jsa
800a99000-8010ab000 r--p 00a9a000 08:01 13114036                         /usr/lib/jvm/java-11-openjdk-amd64/lib/server/classes.jsa
840000000-8406c0000 rw-p 00000000 00:00 0 
8406c0000-880000000 ---p 00000000 00:00 0 
55aeeed31000-55aeeed32000 r-xp 00000000 08:01 12602109                   /usr/lib/jvm/java-11-openjdk-amd64/bin/java
55aeeef32000-55aeeef33000 r--p 00001000 08:01 12602109                   /usr/lib/jvm/java-11-openjdk-amd64/bin/java
55aeeef33000-55aeeef34000 rw-p 00002000 08:01 12602109                   /usr/lib/jvm/java-11-openjdk-amd64/bin/java
55aef084d000-55aef086e000 rw-p 00000000 00:00 0                          [heap]
7f5d78000000-7f5d78021000 rw-p 00000000 00:00 0 
7f5d78021000-7f5d7c000000 ---p 00000000 00:00 0 
7f5d7c000000-7f5d7c021000 rw-p 00000000 00:00 0 
7f5d7c021000-7f5d80000000 ---p 00000000 00:00 0 
7f5d80000000-7f5d80021000 rw-p 00000000 00:00 0 
7f5d80021000-7f5d84000000 ---p 00000000 00:00 0 
7f5d84000000-7f5d84021000 rw-p 00000000 00:00 0 
7f5d84021000-7f5d88000000 ---p 00000000 00:00 0 
7f5d88000000-7f5d88021000 rw-p 00000000 00:00 0 
7f5d88021000-7f5d8c000000 ---p 00000000 00:00 0 
7f5d8c000000-7f5d8c19c000 rw-p 00000000 00:00 0 
7f5d8c19c000-7f5d90000000 ---p 00000000 00:00 0 
7f5d90000000-7f5d90021000 rw-p 00000000 00:00 0 
7f5d90021000-7f5d94000000 ---p 00000000 00:00 0 
7f5d94000000-7f5d94021000 rw-p 00000000 00:00 0 
7f5d94021000-7f5d98000000 ---p 00000000 00:00 0 
7f5d98000000-7f5d98021000 rw-p 00000000 00:00 0 
7f5d98021000-7f5d9c000000 ---p 00000000 00:00 0 
7f5d9c000000-7f5d9c021000 rw-p 00000000 00:00 0 
7f5d9c021000-7f5da0000000 ---p 00000000 00:00 0 
7f5da0000000-7f5da0021000 rw-p 00000000 00:00 0 
7f5da0021000-7f5da4000000 ---p 00000000 00:00 0 
7f5da4280000-7f5da4284000 ---p 00000000 00:00 0 
7f5da4284000-7f5da4381000 rw-p 00000000 00:00 0 
7f5da4381000-7f5da4385000 ---p 00000000 00:00 0 
7f5da4385000-7f5da4482000 rw-p 00000000 00:00 0 
7f5da4482000-7f5da4486000 ---p 00000000 00:00 0 
7f5da4486000-7f5da4583000 rw-p 00000000 00:00 0 
7f5da4583000-7f5da4587000 ---p 00000000 00:00 0 
7f5da4587000-7f5da4684000 rw-p 00000000 00:00 0 
7f5da4684000-7f5da4688000 ---p 00000000 00:00 0 
7f5da4688000-7f5da4805000 rw-p 00000000 00:00 0 
7f5da4805000-7f5da4985000 ---p 00000000 00:00 0 
7f5da4985000-7f5da4b85000 rw-p 00000000 00:00 0 
7f5da4b85000-7f5da4b86000 ---p 00000000 00:00 0 
7f5da4b86000-7f5da4c87000 rw-p 00000000 00:00 0 
7f5da4c87000-7f5da4c88000 ---p 00000000 00:00 0 
7f5da4c88000-7f5da4d89000 rw-p 00000000 00:00 0 
7f5da4d89000-7f5da4d8d000 ---p 00000000 00:00 0 
7f5da4d8d000-7f5da4e8a000 rw-p 00000000 00:00 0 
7f5da4e8a000-7f5da4e8e000 ---p 00000000 00:00 0 
7f5da4e8e000-7f5da518b000 rw-p 00000000 00:00 0 
7f5da518b000-7f5da538b000 rw-p 00000000 00:00 0 
7f5da538b000-7f5da538f000 ---p 00000000 00:00 0 
7f5da538f000-7f5da548c000 rw-p 00000000 00:00 0 
7f5da548c000-7f5da5491000 r-xp 00000000 08:01 12591843                   /usr/lib/x86_64-linux-gnu/libXfixes.so.3.1.0
7f5da5491000-7f5da5690000 ---p 00005000 08:01 12591843                   /usr/lib/x86_64-linux-gnu/libXfixes.so.3.1.0
7f5da5690000-7f5da5691000 r--p 00004000 08:01 12591843                   /usr/lib/x86_64-linux-gnu/libXfixes.so.3.1.0
7f5da5691000-7f5da5692000 rw-p 00005000 08:01 12591843                   /usr/lib/x86_64-linux-gnu/libXfixes.so.3.1.0
7f5da5692000-7f5da569b000 r-xp 00000000 08:01 12591835                   /usr/lib/x86_64-linux-gnu/libXcursor.so.1.0.2
7f5da569b000-7f5da589a000 ---p 00009000 08:01 12591835                   /usr/lib/x86_64-linux-gnu/libXcursor.so.1.0.2
7f5da589a000-7f5da589b000 r--p 00008000 08:01 12591835                   /usr/lib/x86_64-linux-gnu/libXcursor.so.1.0.2
7f5da589b000-7f5da589c000 rw-p 00009000 08:01 12591835                   /usr/lib/x86_64-linux-gnu/libXcursor.so.1.0.2
7f5da589c000-7f5da589d000 ---p 00000000 00:00 0 
7f5da589d000-7f5da609d000 rw-p 00000000 00:00 0 
7f5da609d000-7f5da60a9000 r-xp 00000000 08:01 12846542                   /usr/lib/x86_64-linux-gnu/gio/modules/libdconfsettings.so
7f5da60a9000-7f5da62a8000 ---p 0000c000 08:01 12846542                   /usr/lib/x86_64-linux-gnu/gio/modules/libdconfsettings.so
7f5da62a8000-7f5da62a9000 r--p 0000b000 08:01 12846542                   /usr/lib/x86_64-linux-gnu/gio/modules/libdconfsettings.so
7f5da62a9000-7f5da62aa000 rw-p 0000c000 08:01 12846542                   /usr/lib/x86_64-linux-gnu/gio/modules/libdconfsettings.so
7f5da62aa000-7f5da62ab000 ---p 00000000 00:00 0 
7f5da62ab000-7f5da6aab000 rw-p 00000000 00:00 0 
7f5da6aab000-7f5da6aac000 ---p 00000000 00:00 0 
7f5da6aac000-7f5da72ac000 rw-p 00000000 00:00 0 
7f5da72ac000-7f5da72c6000 r-xp 00000000 08:01 12846546                   /usr/lib/x86_64-linux-gnu/gio/modules/libgioremote-volume-monitor.so
7f5da72c6000-7f5da74c5000 ---p 0001a000 08:01 12846546                   /usr/lib/x86_64-linux-gnu/gio/modules/libgioremote-volume-monitor.so
7f5da74c5000-7f5da74c8000 r--p 00019000 08:01 12846546                   /usr/lib/x86_64-linux-gnu/gio/modules/libgioremote-volume-monitor.so
7f5da74c8000-7f5da74c9000 rw-p 0001c000 08:01 12846546                   /usr/lib/x86_64-linux-gnu/gio/modules/libgioremote-volume-monitor.so
7f5da74c9000-7f5da74ff000 r-xp 00000000 08:01 12846970                   /usr/lib/x86_64-linux-gnu/gvfs/libgvfscommon.so
7f5da74ff000-7f5da76ff000 ---p 00036000 08:01 12846970                   /usr/lib/x86_64-linux-gnu/gvfs/libgvfscommon.so
7f5da76ff000-7f5da7705000 r--p 00036000 08:01 12846970                   /usr/lib/x86_64-linux-gnu/gvfs/libgvfscommon.so
7f5da7705000-7f5da7706000 rw-p 0003c000 08:01 12846970                   /usr/lib/x86_64-linux-gnu/gvfs/libgvfscommon.so
7f5da7706000-7f5da7737000 r-xp 00000000 08:01 12846547                   /usr/lib/x86_64-linux-gnu/gio/modules/libgvfsdbus.so
7f5da7737000-7f5da7937000 ---p 00031000 08:01 12846547                   /usr/lib/x86_64-linux-gnu/gio/modules/libgvfsdbus.so
7f5da7937000-7f5da7939000 r--p 00031000 08:01 12846547                   /usr/lib/x86_64-linux-gnu/gio/modules/libgvfsdbus.so
7f5da7939000-7f5da793a000 rw-p 00033000 08:01 12846547                   /usr/lib/x86_64-linux-gnu/gio/modules/libgvfsdbus.so
7f5da793a000-7f5da7940000 r-xp 00000000 08:01 9443587                    /lib/x86_64-linux-gnu/libuuid.so.1.3.0
7f5da7940000-7f5da7b3f000 ---p 00006000 08:01 9443587                    /lib/x86_64-linux-gnu/libuuid.so.1.3.0
7f5da7b3f000-7f5da7b40000 r--p 00005000 08:01 9443587                    /lib/x86_64-linux-gnu/libuuid.so.1.3.0
7f5da7b40000-7f5da7b41000 rw-p 00006000 08:01 9443587                    /lib/x86_64-linux-gnu/libuuid.so.1.3.0
7f5da7b41000-7f5da7b88000 r-xp 00000000 08:01 9442416                    /lib/x86_64-linux-gnu/libblkid.so.1.1.0
7f5da7b88000-7f5da7d88000 ---p 00047000 08:01 9442416                    /lib/x86_64-linux-gnu/libblkid.so.1.1.0
7f5da7d88000-7f5da7d8c000 r--p 00047000 08:01 9442416                    /lib/x86_64-linux-gnu/libblkid.so.1.1.0
7f5da7d8c000-7f5da7d8d000 rw-p 0004b000 08:01 9442416                    /lib/x86_64-linux-gnu/libblkid.so.1.1.0
7f5da7d8d000-7f5da7d8e000 rw-p 00000000 00:00 0 
7f5da7d8e000-7f5da7dfe000 r-xp 00000000 08:01 9442371                    /lib/x86_64-linux-gnu/libpcre.so.3.13.3
7f5da7dfe000-7f5da7ffe000 ---p 00070000 08:01 9442371                    /lib/x86_64-linux-gnu/libpcre.so.3.13.3
7f5da7ffe000-7f5da7fff000 r--p 00070000 08:01 9442371                    /lib/x86_64-linux-gnu/libpcre.so.3.13.3
7f5da7fff000-7f5da8000000 rw-p 00071000 08:01 9442371                    /lib/x86_64-linux-gnu/libpcre.so.3.13.3
7f5da8000000-7f5da8021000 rw-p 00000000 00:00 0 
7f5da8021000-7f5dac000000 ---p 00000000 00:00 0 
7f5dac02d000-7f5dac07e000 r-xp 00000000 08:01 9442283                    /lib/x86_64-linux-gnu/libmount.so.1.1.0
7f5dac07e000-7f5dac27d000 ---p 00051000 08:01 9442283                    /lib/x86_64-linux-gnu/libmount.so.1.1.0
7f5dac27d000-7f5dac27f000 r--p 00050000 08:01 9442283                    /lib/x86_64-linux-gnu/libmount.so.1.1.0
7f5dac27f000-7f5dac280000 rw-p 00052000 08:01 9442283                    /lib/x86_64-linux-gnu/libmount.so.1.1.0
7f5dac280000-7f5dac281000 rw-p 00000000 00:00 0 
7f5dac281000-7f5dac298000 r-xp 00000000 08:01 9442388                    /lib/x86_64-linux-gnu/libresolv-2.27.so
7f5dac298000-7f5dac498000 ---p 00017000 08:01 9442388                    /lib/x86_64-linux-gnu/libresolv-2.27.so
7f5dac498000-7f5dac499000 r--p 00017000 08:01 9442388                    /lib/x86_64-linux-gnu/libresolv-2.27.so
7f5dac499000-7f5dac49a000 rw-p 00018000 08:01 9442388                    /lib/x86_64-linux-gnu/libresolv-2.27.so
7f5dac49a000-7f5dac49c000 rw-p 00000000 00:00 0 
7f5dac49c000-7f5dac4c1000 r-xp 00000000 08:01 9442394                    /lib/x86_64-linux-gnu/libselinux.so.1
7f5dac4c1000-7f5dac6c0000 ---p 00025000 08:01 9442394                    /lib/x86_64-linux-gnu/libselinux.so.1
7f5dac6c0000-7f5dac6c1000 r--p 00024000 08:01 9442394                    /lib/x86_64-linux-gnu/libselinux.so.1
7f5dac6c1000-7f5dac6c2000 rw-p 00025000 08:01 9442394                    /lib/x86_64-linux-gnu/libselinux.so.1
7f5dac6c2000-7f5dac6c4000 rw-p 00000000 00:00 0 
7f5dac6c4000-7f5dac7d8000 r-xp 00000000 08:01 12592307                   /usr/lib/x86_64-linux-gnu/libglib-2.0.so.0.5600.4
7f5dac7d8000-7f5dac9d8000 ---p 00114000 08:01 12592307                   /usr/lib/x86_64-linux-gnu/libglib-2.0.so.0.5600.4
7f5dac9d8000-7f5dac9d9000 r--p 00114000 08:01 12592307                   /usr/lib/x86_64-linux-gnu/libglib-2.0.so.0.5600.4
7f5dac9d9000-7f5dac9da000 rw-p 00115000 08:01 12592307                   /usr/lib/x86_64-linux-gnu/libglib-2.0.so.0.5600.4
7f5dac9da000-7f5dac9db000 rw-p 00000000 00:00 0 
7f5dac9db000-7f5dac9de000 r-xp 00000000 08:01 12592315                   /usr/lib/x86_64-linux-gnu/libgmodule-2.0.so.0.5600.4
7f5dac9de000-7f5dacbdd000 ---p 00003000 08:01 12592315                   /usr/lib/x86_64-linux-gnu/libgmodule-2.0.so.0.5600.4
7f5dacbdd000-7f5dacbde000 r--p 00002000 08:01 12592315                   /usr/lib/x86_64-linux-gnu/libgmodule-2.0.so.0.5600.4
7f5dacbde000-7f5dacbdf000 rw-p 00003000 08:01 12592315                   /usr/lib/x86_64-linux-gnu/libgmodule-2.0.so.0.5600.4
7f5dacbdf000-7f5dacc31000 r-xp 00000000 08:01 12592329                   /usr/lib/x86_64-linux-gnu/libgobject-2.0.so.0.5600.4
7f5dacc31000-7f5dace31000 ---p 00052000 08:01 12592329                   /usr/lib/x86_64-linux-gnu/libgobject-2.0.so.0.5600.4
7f5dace31000-7f5dace32000 r--p 00052000 08:01 12592329                   /usr/lib/x86_64-linux-gnu/libgobject-2.0.so.0.5600.4
7f5dace32000-7f5dace33000 rw-p 00053000 08:01 12592329                   /usr/lib/x86_64-linux-gnu/libgobject-2.0.so.0.5600.4
7f5dace33000-7f5dacfc8000 r-xp 00000000 08:01 12592299                   /usr/lib/x86_64-linux-gnu/libgio-2.0.so.0.5600.4
7f5dacfc8000-7f5dad1c8000 ---p 00195000 08:01 12592299                   /usr/lib/x86_64-linux-gnu/libgio-2.0.so.0.5600.4
7f5dad1c8000-7f5dad1cf000 r--p 00195000 08:01 12592299                   /usr/lib/x86_64-linux-gnu/libgio-2.0.so.0.5600.4
7f5dad1cf000-7f5dad1d0000 rw-p 0019c000 08:01 12592299                   /usr/lib/x86_64-linux-gnu/libgio-2.0.so.0.5600.4
7f5dad1d0000-7f5dad1d2000 rw-p 00000000 00:00 0 
7f5dad1d2000-7f5dad1dc000 r-xp 00000000 08:01 12591859                   /usr/lib/x86_64-linux-gnu/libXrandr.so.2.2.0
7f5dad1dc000-7f5dad3db000 ---p 0000a000 08:01 12591859                   /usr/lib/x86_64-linux-gnu/libXrandr.so.2.2.0
7f5dad3db000-7f5dad3dc000 r--p 00009000 08:01 12591859                   /usr/lib/x86_64-linux-gnu/libXrandr.so.2.2.0
7f5dad3dc000-7f5dad3dd000 rw-p 0000a000 08:01 12591859                   /usr/lib/x86_64-linux-gnu/libXrandr.so.2.2.0
7f5dad3dd000-7f5dad40e000 r-xp 00000000 08:01 12592760                   /usr/lib/x86_64-linux-gnu/libpng16.so.16.34.0
7f5dad40e000-7f5dad60d000 ---p 00031000 08:01 12592760                   /usr/lib/x86_64-linux-gnu/libpng16.so.16.34.0
7f5dad60d000-7f5dad60e000 r--p 00030000 08:01 12592760                   /usr/lib/x86_64-linux-gnu/libpng16.so.16.34.0
7f5dad60e000-7f5dad60f000 rw-p 00031000 08:01 12592760                   /usr/lib/x86_64-linux-gnu/libpng16.so.16.34.0
7f5dad60f000-7f5dad6bc000 r-xp 00000000 08:01 12592249                   /usr/lib/x86_64-linux-gnu/libfreetype.so.6.15.0
7f5dad6bc000-7f5dad8bb000 ---p 000ad000 08:01 12592249                   /usr/lib/x86_64-linux-gnu/libfreetype.so.6.15.0
7f5dad8bb000-7f5dad8c2000 r--p 000ac000 08:01 12592249                   /usr/lib/x86_64-linux-gnu/libfreetype.so.6.15.0
7f5dad8c2000-7f5dad8c3000 rw-p 000b3000 08:01 12592249                   /usr/lib/x86_64-linux-gnu/libfreetype.so.6.15.0
7f5dad8c3000-7f5dad8d6000 r-xp 00000000 08:01 9442246                    /lib/x86_64-linux-gnu/libbsd.so.0.8.7
7f5dad8d6000-7f5dadad5000 ---p 00013000 08:01 9442246                    /lib/x86_64-linux-gnu/libbsd.so.0.8.7
7f5dadad5000-7f5dadad6000 r--p 00012000 08:01 9442246                    /lib/x86_64-linux-gnu/libbsd.so.0.8.7
7f5dadad6000-7f5dadad7000 rw-p 00013000 08:01 9442246                    /lib/x86_64-linux-gnu/libbsd.so.0.8.7
7f5dadad7000-7f5dadad8000 rw-p 00000000 00:00 0 
7f5dadad8000-7f5dadadd000 r-xp 00000000 08:01 12591839                   /usr/lib/x86_64-linux-gnu/libXdmcp.so.6.0.0
7f5dadadd000-7f5dadcdc000 ---p 00005000 08:01 12591839                   /usr/lib/x86_64-linux-gnu/libXdmcp.so.6.0.0
7f5dadcdc000-7f5dadcdd000 r--p 00004000 08:01 12591839                   /usr/lib/x86_64-linux-gnu/libXdmcp.so.6.0.0
7f5dadcdd000-7f5dadcde000 rw-p 00005000 08:01 12591839                   /usr/lib/x86_64-linux-gnu/libXdmcp.so.6.0.0
7f5dadcde000-7f5dadce0000 r-xp 00000000 08:01 12591828                   /usr/lib/x86_64-linux-gnu/libXau.so.6.0.0
7f5dadce0000-7f5dadee0000 ---p 00002000 08:01 12591828                   /usr/lib/x86_64-linux-gnu/libXau.so.6.0.0
7f5dadee0000-7f5dadee1000 r--p 00002000 08:01 12591828                   /usr/lib/x86_64-linux-gnu/libXau.so.6.0.0
7f5dadee1000-7f5dadee2000 rw-p 00003000 08:01 12591828                   /usr/lib/x86_64-linux-gnu/libXau.so.6.0.0
7f5dadee2000-7f5dadf08000 r-xp 00000000 08:01 12593111                   /usr/lib/x86_64-linux-gnu/libxcb.so.1.1.0
7f5dadf08000-7f5dae108000 ---p 00026000 08:01 12593111                   /usr/lib/x86_64-linux-gnu/libxcb.so.1.1.0
7f5dae108000-7f5dae109000 r--p 00026000 08:01 12593111                   /usr/lib/x86_64-linux-gnu/libxcb.so.1.1.0
7f5dae109000-7f5dae10a000 rw-p 00027000 08:01 12593111                   /usr/lib/x86_64-linux-gnu/libxcb.so.1.1.0
7f5dae10a000-7f5dae119000 r-xp 00000000 08:01 12591849                   /usr/lib/x86_64-linux-gnu/libXi.so.6.1.0
7f5dae119000-7f5dae318000 ---p 0000f000 08:01 12591849                   /usr/lib/x86_64-linux-gnu/libXi.so.6.1.0
7f5dae318000-7f5dae319000 r--p 0000e000 08:01 12591849                   /usr/lib/x86_64-linux-gnu/libXi.so.6.1.0
7f5dae319000-7f5dae31a000 rw-p 0000f000 08:01 12591849                   /usr/lib/x86_64-linux-gnu/libXi.so.6.1.0
7f5dae31a000-7f5dae31f000 r-xp 00000000 08:01 12591867                   /usr/lib/x86_64-linux-gnu/libXtst.so.6.1.0
7f5dae31f000-7f5dae51e000 ---p 00005000 08:01 12591867                   /usr/lib/x86_64-linux-gnu/libXtst.so.6.1.0
7f5dae51e000-7f5dae51f000 r--p 00004000 08:01 12591867                   /usr/lib/x86_64-linux-gnu/libXtst.so.6.1.0
7f5dae51f000-7f5dae520000 rw-p 00005000 08:01 12591867                   /usr/lib/x86_64-linux-gnu/libXtst.so.6.1.0
7f5dae520000-7f5dae529000 r-xp 00000000 08:01 12591861                   /usr/lib/x86_64-linux-gnu/libXrender.so.1.3.0
7f5dae529000-7f5dae728000 ---p 00009000 08:01 12591861                   /usr/lib/x86_64-linux-gnu/libXrender.so.1.3.0
7f5dae728000-7f5dae729000 r--p 00008000 08:01 12591861                   /usr/lib/x86_64-linux-gnu/libXrender.so.1.3.0
7f5dae729000-7f5dae72a000 rw-p 00009000 08:01 12591861                   /usr/lib/x86_64-linux-gnu/libXrender.so.1.3.0
7f5dae72a000-7f5dae85d000 r-xp 00000000 08:01 12591824                   /usr/lib/x86_64-linux-gnu/libX11.so.6.3.0
7f5dae85d000-7f5daea5d000 ---p 00133000 08:01 12591824                   /usr/lib/x86_64-linux-gnu/libX11.so.6.3.0
7f5daea5d000-7f5daea5e000 r--p 00133000 08:01 12591824                   /usr/lib/x86_64-linux-gnu/libX11.so.6.3.0
7f5daea5e000-7f5daea62000 rw-p 00134000 08:01 12591824                   /usr/lib/x86_64-linux-gnu/libX11.so.6.3.0
7f5daea62000-7f5daea73000 r-xp 00000000 08:01 12591841                   /usr/lib/x86_64-linux-gnu/libXext.so.6.4.0
7f5daea73000-7f5daec72000 ---p 00011000 08:01 12591841                   /usr/lib/x86_64-linux-gnu/libXext.so.6.4.0
7f5daec72000-7f5daec73000 r--p 00010000 08:01 12591841                   /usr/lib/x86_64-linux-gnu/libXext.so.6.4.0
7f5daec73000-7f5daec74000 rw-p 00011000 08:01 12591841                   /usr/lib/x86_64-linux-gnu/libXext.so.6.4.0
7f5daec74000-7f5daecd2000 r-xp 00000000 08:01 12602144                   /usr/lib/jvm/java-11-openjdk-amd64/lib/libawt_xawt.so
7f5daecd2000-7f5daeed2000 ---p 0005e000 08:01 12602144                   /usr/lib/jvm/java-11-openjdk-amd64/lib/libawt_xawt.so
7f5daeed2000-7f5daeed3000 r--p 0005e000 08:01 12602144                   /usr/lib/jvm/java-11-openjdk-amd64/lib/libawt_xawt.so
7f5daeed3000-7f5daeed6000 rw-p 0005f000 08:01 12602144                   /usr/lib/jvm/java-11-openjdk-amd64/lib/libawt_xawt.so
7f5daeed6000-7f5daeed8000 rw-p 00000000 00:00 0 
7f5daeef7000-7f5daeefb000 ---p 00000000 00:00 0 
7f5daeefb000-7f5daeff8000 rw-p 00000000 00:00 0 
7f5daeff8000-7f5daf12b000 r-xp 00000000 08:01 12602147                   /usr/lib/jvm/java-11-openjdk-amd64/lib/libfontmanager.so
7f5daf12b000-7f5daf32b000 ---p 00133000 08:01 12602147                   /usr/lib/jvm/java-11-openjdk-amd64/lib/libfontmanager.so
7f5daf32b000-7f5daf32c000 r--p 00133000 08:01 12602147                   /usr/lib/jvm/java-11-openjdk-amd64/lib/libfontmanager.so
7f5daf32c000-7f5daf32d000 rw-p 00134000 08:01 12602147                   /usr/lib/jvm/java-11-openjdk-amd64/lib/libfontmanager.so
7f5daf32d000-7f5daf530000 rw-p 00000000 00:00 0 
7f5daf530000-7f5daf5cf000 r-xp 00000000 08:01 12602142                   /usr/lib/jvm/java-11-openjdk-amd64/lib/libawt.so
7f5daf5cf000-7f5daf7cf000 ---p 0009f000 08:01 12602142                   /usr/lib/jvm/java-11-openjdk-amd64/lib/libawt.so
7f5daf7cf000-7f5daf7d0000 r--p 0009f000 08:01 12602142                   /usr/lib/jvm/java-11-openjdk-amd64/lib/libawt.so
7f5daf7d0000-7f5daf7db000 rw-p 000a0000 08:01 12602142                   /usr/lib/jvm/java-11-openjdk-amd64/lib/libawt.so
7f5daf7db000-7f5dafa00000 rw-p 00000000 00:00 0 
7f5dafa00000-7f5dafbec000 rw-p 00000000 00:00 0 
7f5dafbec000-7f5dafc00000 ---p 00000000 00:00 0 
7f5dafc00000-7f5dafe00000 rw-p 00000000 00:00 0 
7f5dafe00000-7f5db0000000 rw-p 00000000 00:00 0 
7f5db0000000-7f5db0021000 rw-p 00000000 00:00 0 
7f5db0021000-7f5db4000000 ---p 00000000 00:00 0 
7f5db4000000-7f5db4021000 rw-p 00000000 00:00 0 
7f5db4021000-7f5db8000000 ---p 00000000 00:00 0 
7f5db8000000-7f5db8021000 rw-p 00000000 00:00 0 
7f5db8021000-7f5dbc000000 ---p 00000000 00:00 0 
7f5dbc000000-7f5dbc029000 rw-p 00000000 00:00 0 
7f5dbc029000-7f5dc0000000 ---p 00000000 00:00 0 
7f5dc0000000-7f5dc0021000 rw-p 00000000 00:00 0 
7f5dc0021000-7f5dc4000000 ---p 00000000 00:00 0 
7f5dc4000000-7f5dc4021000 rw-p 00000000 00:00 0 
7f5dc4021000-7f5dc8000000 ---p 00000000 00:00 0 
7f5dc8000000-7f5dc8b5a000 rw-p 00000000 00:00 0 
7f5dc8b5a000-7f5dcc000000 ---p 00000000 00:00 0 
7f5dcc000000-7f5dcc021000 rw-p 00000000 00:00 0 
7f5dcc021000-7f5dd0000000 ---p 00000000 00:00 0 
7f5dd0000000-7f5dd0021000 rw-p 00000000 00:00 0 
7f5dd0021000-7f5dd4000000 ---p 00000000 00:00 0 
7f5dd4000000-7f5dd624b000 rw-p 00000000 00:00 0 
7f5dd624b000-7f5dd8000000 ---p 00000000 00:00 0 
7f5dd8000000-7f5dd8021000 rw-p 00000000 00:00 0 
7f5dd8021000-7f5ddc000000 ---p 00000000 00:00 0 
7f5ddc000000-7f5ddc021000 rw-p 00000000 00:00 0 
7f5ddc021000-7f5de0000000 ---p 00000000 00:00 0 
7f5de0000000-7f5de0021000 rw-p 00000000 00:00 0 
7f5de0021000-7f5de4000000 ---p 00000000 00:00 0 
7f5de4000000-7f5de41b1000 rw-p 00000000 00:00 0 
7f5de41b1000-7f5de8000000 ---p 00000000 00:00 0 
7f5de8000000-7f5de8021000 rw-p 00000000 00:00 0 
7f5de8021000-7f5dec000000 ---p 00000000 00:00 0 
7f5dec000000-7f5dec021000 rw-p 00000000 00:00 0 
7f5dec021000-7f5df0000000 ---p 00000000 00:00 0 
7f5df000a000-7f5df020a000 rw-p 00000000 00:00 0 
7f5df020a000-7f5df020e000 ---p 00000000 00:00 0 
7f5df020e000-7f5df030b000 rw-p 00000000 00:00 0 
7f5df030b000-7f5df0314000 r-xp 00000000 08:01 9442260                    /lib/x86_64-linux-gnu/libcrypt-2.27.so
7f5df0314000-7f5df0513000 ---p 00009000 08:01 9442260                    /lib/x86_64-linux-gnu/libcrypt-2.27.so
7f5df0513000-7f5df0514000 r--p 00008000 08:01 9442260                    /lib/x86_64-linux-gnu/libcrypt-2.27.so
7f5df0514000-7f5df0515000 rw-p 00009000 08:01 9442260                    /lib/x86_64-linux-gnu/libcrypt-2.27.so
7f5df0515000-7f5df0743000 rw-p 00000000 00:00 0 
7f5df0743000-7f5df074a000 r-xp 00000000 08:01 12592195                   /usr/lib/x86_64-linux-gnu/libffi.so.6.0.4
7f5df074a000-7f5df0949000 ---p 00007000 08:01 12592195                   /usr/lib/x86_64-linux-gnu/libffi.so.6.0.4
7f5df0949000-7f5df094a000 r--p 00006000 08:01 12592195                   /usr/lib/x86_64-linux-gnu/libffi.so.6.0.4
7f5df094a000-7f5df094b000 rw-p 00007000 08:01 12592195                   /usr/lib/x86_64-linux-gnu/libffi.so.6.0.4
7f5df094b000-7f5df095c000 r-xp 00000000 08:01 13640848                   /usr/lib/x86_64-linux-gnu/jni/libjffi-1.2.so
7f5df095c000-7f5df0b5b000 ---p 00011000 08:01 13640848                   /usr/lib/x86_64-linux-gnu/jni/libjffi-1.2.so
7f5df0b5b000-7f5df0b5c000 r--p 00010000 08:01 13640848                   /usr/lib/x86_64-linux-gnu/jni/libjffi-1.2.so
7f5df0b5c000-7f5df0b5d000 rw-p 00011000 08:01 13640848                   /usr/lib/x86_64-linux-gnu/jni/libjffi-1.2.so
7f5df0b5d000-7f5df0b5e000 ---p 00000000 00:00 0 
7f5df0b5e000-7f5df0c5f000 rw-p 00000000 00:00 0 
7f5df0c5f000-7f5df0c75000 r-xp 00000000 08:01 12602165                   /usr/lib/jvm/java-11-openjdk-amd64/lib/libnet.so
7f5df0c75000-7f5df0e74000 ---p 00016000 08:01 12602165                   /usr/lib/jvm/java-11-openjdk-amd64/lib/libnet.so
7f5df0e74000-7f5df0e75000 r--p 00015000 08:01 12602165                   /usr/lib/jvm/java-11-openjdk-amd64/lib/libnet.so
7f5df0e75000-7f5df0e76000 rw-p 00016000 08:01 12602165                   /usr/lib/jvm/java-11-openjdk-amd64/lib/libnet.so
7f5df0e76000-7f5df0e86000 r-xp 00000000 08:01 12602166                   /usr/lib/jvm/java-11-openjdk-amd64/lib/libnio.so
7f5df0e86000-7f5df1085000 ---p 00010000 08:01 12602166                   /usr/lib/jvm/java-11-openjdk-amd64/lib/libnio.so
7f5df1085000-7f5df1086000 r--p 0000f000 08:01 12602166                   /usr/lib/jvm/java-11-openjdk-amd64/lib/libnio.so
7f5df1086000-7f5df1087000 rw-p 00010000 08:01 12602166                   /usr/lib/jvm/java-11-openjdk-amd64/lib/libnio.so
7f5df1087000-7f5df108b000 ---p 00000000 00:00 0 
7f5df108b000-7f5df1188000 rw-p 00000000 00:00 0 
7f5df1188000-7f5df1189000 ---p 00000000 00:00 0 
7f5df1189000-7f5df128a000 rw-p 00000000 00:00 0 
7f5df128a000-7f5df128e000 ---p 00000000 00:00 0 
7f5df128e000-7f5df138b000 rw-p 00000000 00:00 0 
7f5df138b000-7f5df138f000 ---p 00000000 00:00 0 
7f5df138f000-7f5df148c000 rw-p 00000000 00:00 0 
7f5df148c000-7f5df2000000 r--p 00000000 08:01 12589535                   /usr/lib/locale/locale-archive
7f5df2000000-7f5df4000000 rw-p 00000000 00:00 0 
7f5df4000000-7f5df4021000 rw-p 00000000 00:00 0 
7f5df4021000-7f5df8000000 ---p 00000000 00:00 0 
7f5df80b6000-7f5df80d1000 r--p 00000000 08:01 13508354                   /usr/share/glib-2.0/schemas/gschemas.compiled
7f5df80d1000-7f5df80d5000 ---p 00000000 00:00 0 
7f5df80d5000-7f5df81d2000 rw-p 00000000 00:00 0 
7f5df81d2000-7f5df81d6000 ---p 00000000 00:00 0 
7f5df81d6000-7f5df82d3000 rw-p 00000000 00:00 0 
7f5df82d3000-7f5df82d7000 ---p 00000000 00:00 0 
7f5df82d7000-7f5df83d4000 rw-p 00000000 00:00 0 
7f5df83d4000-7f5df83d8000 ---p 00000000 00:00 0 
7f5df83d8000-7f5df84d5000 rw-p 00000000 00:00 0 
7f5df84d5000-7f5df84d9000 ---p 00000000 00:00 0 
7f5df84d9000-7f5df85d6000 rw-p 00000000 00:00 0 
7f5df85d6000-7f5df85d7000 ---p 00000000 00:00 0 
7f5df85d7000-7f5df8f59000 rw-p 00000000 00:00 0 
7f5df8f59000-7f5df8f5a000 ---p 00000000 00:00 0 
7f5df8f5a000-7f5df905b000 rw-p 00000000 00:00 0 
7f5df905b000-7f5df905c000 ---p 00000000 00:00 0 
7f5df905c000-7f5df9561000 rw-p 00000000 00:00 0 
7f5df9561000-7f5df9562000 ---p 00000000 00:00 0 
7f5df9562000-7f5df9663000 rw-p 00000000 00:00 0 
7f5df9663000-7f5df9664000 ---p 00000000 00:00 0 
7f5df9664000-7f5df9b49000 rw-p 00000000 00:00 0 
7f5df9b49000-7f5dfa6c5000 ---p 00000000 00:00 0 
7f5dfa6c5000-7f5dfaab1000 rw-p 00000000 00:00 0 
7f5dfaab1000-7f5dfb62d000 ---p 00000000 00:00 0 
7f5dfb62d000-7f5dfb6b2000 rw-p 00000000 00:00 0 
7f5dfb6b2000-7f5dfb821000 ---p 00000000 00:00 0 
7f5dfb821000-7f5dfb89f000 rw-p 00000000 00:00 0 
7f5dfb89f000-7f5dfba0e000 ---p 00000000 00:00 0 
7f5dfba0e000-7f5dfba8c000 rw-p 00000000 00:00 0 
7f5dfba8c000-7f5dfbbfb000 ---p 00000000 00:00 0 
7f5dfbbfb000-7f5dfc000000 rw-p 00000000 00:00 0 
7f5dfc000000-7f5dfc021000 rw-p 00000000 00:00 0 
7f5dfc021000-7f5e00000000 ---p 00000000 00:00 0 
7f5e0001a000-7f5e0001b000 ---p 00000000 00:00 0 
7f5e0001b000-7f5e0011c000 rw-p 00000000 00:00 0 
7f5e0011c000-7f5e0038c000 rwxp 00000000 00:00 0 
7f5e0038c000-7f5e006ac000 ---p 00000000 00:00 0 
7f5e006ac000-7f5e0132c000 rwxp 00000000 00:00 0 
7f5e0132c000-7f5e07be4000 ---p 00000000 00:00 0 
7f5e07be4000-7f5e07f34000 rwxp 00000000 00:00 0 
7f5e07f34000-7f5e0f11c000 ---p 00000000 00:00 0 
7f5e0f11c000-7f5e177c6000 r--s 00000000 08:01 12602175                   /usr/lib/jvm/java-11-openjdk-amd64/lib/modules
7f5e177c6000-7f5e177cb000 r-xp 00000000 08:01 12602157                   /usr/lib/jvm/java-11-openjdk-amd64/lib/libjimage.so
7f5e177cb000-7f5e179ca000 ---p 00005000 08:01 12602157                   /usr/lib/jvm/java-11-openjdk-amd64/lib/libjimage.so
7f5e179ca000-7f5e179cb000 r--p 00004000 08:01 12602157                   /usr/lib/jvm/java-11-openjdk-amd64/lib/libjimage.so
7f5e179cb000-7f5e179cc000 rw-p 00005000 08:01 12602157                   /usr/lib/jvm/java-11-openjdk-amd64/lib/libjimage.so
7f5e179cc000-7f5e179d3000 r-xp 00000000 08:01 12602174                   /usr/lib/jvm/java-11-openjdk-amd64/lib/libzip.so
7f5e179d3000-7f5e17bd2000 ---p 00007000 08:01 12602174                   /usr/lib/jvm/java-11-openjdk-amd64/lib/libzip.so
7f5e17bd2000-7f5e17bd3000 r--p 00006000 08:01 12602174                   /usr/lib/jvm/java-11-openjdk-amd64/lib/libzip.so
7f5e17bd3000-7f5e17bd4000 rw-p 00007000 08:01 12602174                   /usr/lib/jvm/java-11-openjdk-amd64/lib/libzip.so
7f5e17bd4000-7f5e17bdf000 r-xp 00000000 08:01 9442340                    /lib/x86_64-linux-gnu/libnss_files-2.27.so
7f5e17bdf000-7f5e17dde000 ---p 0000b000 08:01 9442340                    /lib/x86_64-linux-gnu/libnss_files-2.27.so
7f5e17dde000-7f5e17ddf000 r--p 0000a000 08:01 9442340                    /lib/x86_64-linux-gnu/libnss_files-2.27.so
7f5e17ddf000-7f5e17de0000 rw-p 0000b000 08:01 9442340                    /lib/x86_64-linux-gnu/libnss_files-2.27.so
7f5e17de0000-7f5e17de6000 rw-p 00000000 00:00 0 
7f5e17de6000-7f5e17dfd000 r-xp 00000000 08:01 9442334                    /lib/x86_64-linux-gnu/libnsl-2.27.so
7f5e17dfd000-7f5e17ffc000 ---p 00017000 08:01 9442334                    /lib/x86_64-linux-gnu/libnsl-2.27.so
7f5e17ffc000-7f5e17ffd000 r--p 00016000 08:01 9442334                    /lib/x86_64-linux-gnu/libnsl-2.27.so
7f5e17ffd000-7f5e17ffe000 rw-p 00017000 08:01 9442334                    /lib/x86_64-linux-gnu/libnsl-2.27.so
7f5e17ffe000-7f5e18000000 rw-p 00000000 00:00 0 
7f5e18000000-7f5e18d51000 rw-p 00000000 00:00 0 
7f5e18d51000-7f5e1c000000 ---p 00000000 00:00 0 
7f5e1c001000-7f5e1c01c000 r--p 00000000 08:01 13508354                   /usr/share/glib-2.0/schemas/gschemas.compiled
7f5e1c01c000-7f5e1c023000 rw-p 00000000 00:00 0 
7f5e1c023000-7f5e1c107000 ---p 00000000 00:00 0 
7f5e1c107000-7f5e1c120000 rw-p 00000000 00:00 0 
7f5e1c120000-7f5e1c1f2000 ---p 00000000 00:00 0 
7f5e1c1f2000-7f5e1c1fd000 r-xp 00000000 08:01 9442350                    /lib/x86_64-linux-gnu/libnss_nis-2.27.so
7f5e1c1fd000-7f5e1c3fc000 ---p 0000b000 08:01 9442350                    /lib/x86_64-linux-gnu/libnss_nis-2.27.so
7f5e1c3fc000-7f5e1c3fd000 r--p 0000a000 08:01 9442350                    /lib/x86_64-linux-gnu/libnss_nis-2.27.so
7f5e1c3fd000-7f5e1c3fe000 rw-p 0000b000 08:01 9442350                    /lib/x86_64-linux-gnu/libnss_nis-2.27.so
7f5e1c3fe000-7f5e1c406000 r-xp 00000000 08:01 9442336                    /lib/x86_64-linux-gnu/libnss_compat-2.27.so
7f5e1c406000-7f5e1c606000 ---p 00008000 08:01 9442336                    /lib/x86_64-linux-gnu/libnss_compat-2.27.so
7f5e1c606000-7f5e1c607000 r--p 00008000 08:01 9442336                    /lib/x86_64-linux-gnu/libnss_compat-2.27.so
7f5e1c607000-7f5e1c608000 rw-p 00009000 08:01 9442336                    /lib/x86_64-linux-gnu/libnss_compat-2.27.so
7f5e1c608000-7f5e1c631000 r-xp 00000000 08:01 12602153                   /usr/lib/jvm/java-11-openjdk-amd64/lib/libjava.so
7f5e1c631000-7f5e1c830000 ---p 00029000 08:01 12602153                   /usr/lib/jvm/java-11-openjdk-amd64/lib/libjava.so
7f5e1c830000-7f5e1c831000 r--p 00028000 08:01 12602153                   /usr/lib/jvm/java-11-openjdk-amd64/lib/libjava.so
7f5e1c831000-7f5e1c833000 rw-p 00029000 08:01 12602153                   /usr/lib/jvm/java-11-openjdk-amd64/lib/libjava.so
7f5e1c833000-7f5e1c840000 r-xp 00000000 08:01 12602173                   /usr/lib/jvm/java-11-openjdk-amd64/lib/libverify.so
7f5e1c840000-7f5e1ca3f000 ---p 0000d000 08:01 12602173                   /usr/lib/jvm/java-11-openjdk-amd64/lib/libverify.so
7f5e1ca3f000-7f5e1ca41000 r--p 0000c000 08:01 12602173                   /usr/lib/jvm/java-11-openjdk-amd64/lib/libverify.so
7f5e1ca41000-7f5e1ca42000 rw-p 0000e000 08:01 12602173                   /usr/lib/jvm/java-11-openjdk-amd64/lib/libverify.so
7f5e1ca42000-7f5e1ca49000 r-xp 00000000 08:01 9442390                    /lib/x86_64-linux-gnu/librt-2.27.so
7f5e1ca49000-7f5e1cc48000 ---p 00007000 08:01 9442390                    /lib/x86_64-linux-gnu/librt-2.27.so
7f5e1cc48000-7f5e1cc49000 r--p 00006000 08:01 9442390                    /lib/x86_64-linux-gnu/librt-2.27.so
7f5e1cc49000-7f5e1cc4a000 rw-p 00007000 08:01 9442390                    /lib/x86_64-linux-gnu/librt-2.27.so
7f5e1cc4a000-7f5e1cc61000 r-xp 00000000 08:01 9442287                    /lib/x86_64-linux-gnu/libgcc_s.so.1
7f5e1cc61000-7f5e1ce60000 ---p 00017000 08:01 9442287                    /lib/x86_64-linux-gnu/libgcc_s.so.1
7f5e1ce60000-7f5e1ce61000 r--p 00016000 08:01 9442287                    /lib/x86_64-linux-gnu/libgcc_s.so.1
7f5e1ce61000-7f5e1ce62000 rw-p 00017000 08:01 9442287                    /lib/x86_64-linux-gnu/libgcc_s.so.1
7f5e1ce62000-7f5e1cfff000 r-xp 00000000 08:01 9442313                    /lib/x86_64-linux-gnu/libm-2.27.so
7f5e1cfff000-7f5e1d1fe000 ---p 0019d000 08:01 9442313                    /lib/x86_64-linux-gnu/libm-2.27.so
7f5e1d1fe000-7f5e1d1ff000 r--p 0019c000 08:01 9442313                    /lib/x86_64-linux-gnu/libm-2.27.so
7f5e1d1ff000-7f5e1d200000 rw-p 0019d000 08:01 9442313                    /lib/x86_64-linux-gnu/libm-2.27.so
7f5e1d200000-7f5e1d379000 r-xp 00000000 08:01 12592928                   /usr/lib/x86_64-linux-gnu/libstdc++.so.6.0.25
7f5e1d379000-7f5e1d579000 ---p 00179000 08:01 12592928                   /usr/lib/x86_64-linux-gnu/libstdc++.so.6.0.25
7f5e1d579000-7f5e1d583000 r--p 00179000 08:01 12592928                   /usr/lib/x86_64-linux-gnu/libstdc++.so.6.0.25
7f5e1d583000-7f5e1d585000 rw-p 00183000 08:01 12592928                   /usr/lib/x86_64-linux-gnu/libstdc++.so.6.0.25
7f5e1d585000-7f5e1d589000 rw-p 00000000 00:00 0 
7f5e1d589000-7f5e1e655000 r-xp 00000000 08:01 13114034                   /usr/lib/jvm/java-11-openjdk-amd64/lib/server/libjvm.so
7f5e1e655000-7f5e1e854000 ---p 010cc000 08:01 13114034                   /usr/lib/jvm/java-11-openjdk-amd64/lib/server/libjvm.so
7f5e1e854000-7f5e1e911000 r--p 010cb000 08:01 13114034                   /usr/lib/jvm/java-11-openjdk-amd64/lib/server/libjvm.so
7f5e1e911000-7f5e1e94a000 rw-p 01188000 08:01 13114034                   /usr/lib/jvm/java-11-openjdk-amd64/lib/server/libjvm.so
7f5e1e94a000-7f5e1e9a0000 rw-p 00000000 00:00 0 
7f5e1e9a0000-7f5e1e9ba000 r-xp 00000000 08:01 9442382                    /lib/x86_64-linux-gnu/libpthread-2.27.so
7f5e1e9ba000-7f5e1ebb9000 ---p 0001a000 08:01 9442382                    /lib/x86_64-linux-gnu/libpthread-2.27.so
7f5e1ebb9000-7f5e1ebba000 r--p 00019000 08:01 9442382                    /lib/x86_64-linux-gnu/libpthread-2.27.so
7f5e1ebba000-7f5e1ebbb000 rw-p 0001a000 08:01 9442382                    /lib/x86_64-linux-gnu/libpthread-2.27.so
7f5e1ebbb000-7f5e1ebbf000 rw-p 00000000 00:00 0 
7f5e1ebbf000-7f5e1ebc2000 r-xp 00000000 08:01 9442273                    /lib/x86_64-linux-gnu/libdl-2.27.so
7f5e1ebc2000-7f5e1edc1000 ---p 00003000 08:01 9442273                    /lib/x86_64-linux-gnu/libdl-2.27.so
7f5e1edc1000-7f5e1edc2000 r--p 00002000 08:01 9442273                    /lib/x86_64-linux-gnu/libdl-2.27.so
7f5e1edc2000-7f5e1edc3000 rw-p 00003000 08:01 9442273                    /lib/x86_64-linux-gnu/libdl-2.27.so
7f5e1edc3000-7f5e1eddf000 r-xp 00000000 08:01 9442421                    /lib/x86_64-linux-gnu/libz.so.1.2.11
7f5e1eddf000-7f5e1efde000 ---p 0001c000 08:01 9442421                    /lib/x86_64-linux-gnu/libz.so.1.2.11
7f5e1efde000-7f5e1efdf000 r--p 0001b000 08:01 9442421                    /lib/x86_64-linux-gnu/libz.so.1.2.11
7f5e1efdf000-7f5e1efe0000 rw-p 0001c000 08:01 9442421                    /lib/x86_64-linux-gnu/libz.so.1.2.11
7f5e1efe0000-7f5e1f1c7000 r-xp 00000000 08:01 9442250                    /lib/x86_64-linux-gnu/libc-2.27.so
7f5e1f1c7000-7f5e1f3c7000 ---p 001e7000 08:01 9442250                    /lib/x86_64-linux-gnu/libc-2.27.so
7f5e1f3c7000-7f5e1f3cb000 r--p 001e7000 08:01 9442250                    /lib/x86_64-linux-gnu/libc-2.27.so
7f5e1f3cb000-7f5e1f3cd000 rw-p 001eb000 08:01 9442250                    /lib/x86_64-linux-gnu/libc-2.27.so
7f5e1f3cd000-7f5e1f3d1000 rw-p 00000000 00:00 0 
7f5e1f3d1000-7f5e1f3e1000 r-xp 00000000 08:01 12853435                   /usr/lib/jvm/java-11-openjdk-amd64/lib/jli/libjli.so
7f5e1f3e1000-7f5e1f5e0000 ---p 00010000 08:01 12853435                   /usr/lib/jvm/java-11-openjdk-amd64/lib/jli/libjli.so
7f5e1f5e0000-7f5e1f5e1000 r--p 0000f000 08:01 12853435                   /usr/lib/jvm/java-11-openjdk-amd64/lib/jli/libjli.so
7f5e1f5e1000-7f5e1f5e2000 rw-p 00010000 08:01 12853435                   /usr/lib/jvm/java-11-openjdk-amd64/lib/jli/libjli.so
7f5e1f5e2000-7f5e1f609000 r-xp 00000000 08:01 9442222                    /lib/x86_64-linux-gnu/ld-2.27.so
7f5e1f60f000-7f5e1f613000 ---p 00000000 00:00 0 
7f5e1f613000-7f5e1f631000 rw-p 00000000 00:00 0 
7f5e1f631000-7f5e1f635000 ---p 00000000 00:00 0 
7f5e1f635000-7f5e1f6cf000 rw-p 00000000 00:00 0 
7f5e1f6cf000-7f5e1f6d3000 ---p 00000000 00:00 0 
7f5e1f6d3000-7f5e1f7d2000 rw-p 00000000 00:00 0 
7f5e1f7e4000-7f5e1f7e7000 r--p 00000000 08:01 3411457                    /home/art/.config/dconf/user
7f5e1f7e7000-7f5e1f7e8000 r--s 00000000 00:32 54                         /run/user/1000/dconf/user
7f5e1f7e8000-7f5e1f7ef000 r--s 00000000 08:01 12846515                   /usr/lib/x86_64-linux-gnu/gconv/gconv-modules.cache
7f5e1f7ef000-7f5e1f7f4000 rw-p 00000000 00:00 0 
7f5e1f7f4000-7f5e1f7fb000 ---p 00000000 00:00 0 
7f5e1f7fb000-7f5e1f7fd000 r--s 00007000 08:01 12983934                   /usr/share/java/java-atk-wrapper.jar
7f5e1f7fd000-7f5e1f805000 rw-s 00000000 08:01 11534601                   /tmp/hsperfdata_art/26062
7f5e1f805000-7f5e1f806000 ---p 00000000 00:00 0 
7f5e1f806000-7f5e1f807000 r--p 00000000 00:00 0 
7f5e1f807000-7f5e1f809000 rw-p 00000000 00:00 0 
7f5e1f809000-7f5e1f80a000 r--p 00027000 08:01 9442222                    /lib/x86_64-linux-gnu/ld-2.27.so
7f5e1f80a000-7f5e1f80b000 rw-p 00028000 08:01 9442222                    /lib/x86_64-linux-gnu/ld-2.27.so
7f5e1f80b000-7f5e1f80c000 rw-p 00000000 00:00 0 
7ffc3c312000-7ffc3c333000 rw-p 00000000 00:00 0                          [stack]
7ffc3c35a000-7ffc3c35d000 r--p 00000000 00:00 0                          [vvar]
7ffc3c35d000-7ffc3c35e000 r-xp 00000000 00:00 0                          [vdso]
ffffffffff600000-ffffffffff601000 r-xp 00000000 00:00 0                  [vsyscall]


VM Arguments:
java_command: /usr/share/java/jython.jar -Dpython.home=/usr/share/jython -Dpython.path=/usr/share/jython/Lib -Dpython.executable=/usr/bin/jython -Dpython.console=org.python.util.JLineConsole pima_with_NetworkOne.jy
java_class_path (initial): /usr/share/java/jython.jar
Launcher Type: SUN_STANDARD

[Global flags]
     intx CICompilerCount                          = 3                                         {product} {ergonomic}
     uint ConcGCThreads                            = 1                                         {product} {ergonomic}
     uint G1ConcRefinementThreads                  = 4                                         {product} {ergonomic}
   size_t G1HeapRegionSize                         = 1048576                                   {product} {ergonomic}
    uintx GCDrainStackTargetSize                   = 64                                        {product} {ergonomic}
   size_t InitialHeapSize                          = 65011712                                  {product} {ergonomic}
   size_t MarkStackSize                            = 4194304                                   {product} {ergonomic}
   size_t MaxHeapSize                              = 1033895936                                {product} {ergonomic}
   size_t MaxNewSize                               = 619708416                                 {product} {ergonomic}
   size_t MinHeapDeltaBytes                        = 1048576                                   {product} {ergonomic}
    uintx NonNMethodCodeHeapSize                   = 5830092                                {pd product} {ergonomic}
    uintx NonProfiledCodeHeapSize                  = 122914074                              {pd product} {ergonomic}
    uintx ProfiledCodeHeapSize                     = 122914074                              {pd product} {ergonomic}
    uintx ReservedCodeCacheSize                    = 251658240                              {pd product} {ergonomic}
     bool SegmentedCodeCache                       = true                                      {product} {ergonomic}
     bool UseCompressedClassPointers               = true                                 {lp64_product} {ergonomic}
     bool UseCompressedOops                        = true                                 {lp64_product} {ergonomic}
     bool UseG1GC                                  = true                                      {product} {ergonomic}

Logging:
Log output configuration:
 #0: stdout all=warning uptime,level,tags
 #1: stderr all=off uptime,level,tags

Environment Variables:
PATH=/home/art/.local/bin:/usr/local/sbin:/usr/local/bin:/usr/sbin:/usr/bin:/sbin:/bin:/usr/games:/usr/local/games:/snap/bin
SHELL=/bin/bash
DISPLAY=:0.0

Signal Handlers:
SIGSEGV: [libjvm.so+0xde5f50], sa_mask[0]=11111111011111111101111111111110, sa_flags=SA_RESTART|SA_SIGINFO
SIGBUS: [libjvm.so+0xde5f50], sa_mask[0]=11111111011111111101111111111110, sa_flags=SA_RESTART|SA_SIGINFO
SIGFPE: [libjvm.so+0xde5f50], sa_mask[0]=11111111011111111101111111111110, sa_flags=SA_RESTART|SA_SIGINFO
SIGPIPE: SIG_IGN, sa_mask[0]=00000000000010000000000000000000, sa_flags=SA_RESTART
SIGXFSZ: [libjvm.so+0xbba5b0], sa_mask[0]=11111111011111111101111111111110, sa_flags=SA_RESTART|SA_SIGINFO
SIGILL: [libjvm.so+0xde5f50], sa_mask[0]=11111111011111111101111111111110, sa_flags=SA_RESTART|SA_SIGINFO
SIGUSR2: [libjvm.so+0xbba450], sa_mask[0]=00000000000000000000000000000000, sa_flags=SA_RESTART|SA_SIGINFO
SIGHUP: [libjvm.so+0xbba7b0], sa_mask[0]=11111111011111111101111111111110, sa_flags=SA_RESTART|SA_SIGINFO
SIGINT: [libjvm.so+0xbba7b0], sa_mask[0]=11111111011111111101111111111110, sa_flags=SA_RESTART|SA_SIGINFO
SIGTERM: [libjvm.so+0xbba7b0], sa_mask[0]=11111111011111111101111111111110, sa_flags=SA_RESTART|SA_SIGINFO
SIGQUIT: [libjvm.so+0xbba7b0], sa_mask[0]=11111111011111111101111111111110, sa_flags=SA_RESTART|SA_SIGINFO


---------------  S Y S T E M  ---------------

OS:DISTRIB_ID=Ubuntu
DISTRIB_RELEASE=18.04
DISTRIB_CODENAME=bionic
DISTRIB_DESCRIPTION="Ubuntu 18.04.3 LTS"
uname:Linux 5.0.0-27-generic #28~18.04.1-Ubuntu SMP Thu Aug 22 03:00:32 UTC 2019 x86_64
libc:glibc 2.27 NPTL 2.27 
rlimit: STACK 8192k, CORE 0k, NPROC 15572, NOFILE 1048576, AS infinity, DATA infinity, FSIZE infinity
load average:75.34 59.43 30.40

/proc/meminfo:
MemTotal:        4034316 kB
MemFree:          101900 kB
MemAvailable:      22048 kB
Buffers:            1232 kB
Cached:           359972 kB
SwapCached:         1128 kB
Active:          3025136 kB
Inactive:         617824 kB
Active(anon):    3007956 kB
Inactive(anon):   601820 kB
Active(file):      17180 kB
Inactive(file):    16004 kB
Unevictable:          32 kB
Mlocked:              32 kB
SwapTotal:       2097148 kB
SwapFree:              0 kB
Dirty:               132 kB
Writeback:             4 kB
AnonPages:       3280880 kB
Mapped:           173408 kB
Shmem:            327888 kB
KReclaimable:      48492 kB
Slab:             111960 kB
SReclaimable:      48492 kB
SUnreclaim:        63468 kB
KernelStack:       21744 kB
PageTables:        76132 kB
NFS_Unstable:          0 kB
Bounce:                0 kB
WritebackTmp:          0 kB
CommitLimit:     4114304 kB
Committed_AS:   13044816 kB
VmallocTotal:   34359738367 kB
VmallocUsed:           0 kB
VmallocChunk:          0 kB
Percpu:             1408 kB
HardwareCorrupted:     0 kB
AnonHugePages:         0 kB
ShmemHugePages:        0 kB
ShmemPmdMapped:        0 kB
CmaTotal:              0 kB
CmaFree:               0 kB
HugePages_Total:       0
HugePages_Free:        0
HugePages_Rsvd:        0
HugePages_Surp:        0
Hugepagesize:       2048 kB
Hugetlb:               0 kB
DirectMap4k:      269824 kB
DirectMap2M:     3921920 kB


/proc/sys/kernel/threads-max (system-wide limit on the number of threads):
31144


/proc/sys/vm/max_map_count (maximum number of memory map areas a process may have):
65530


/proc/sys/kernel/pid_max (system-wide limit on number of process identifiers):
32768



container (cgroup) information:
container_type: cgroupv1
cpu_cpuset_cpus: 0-3
cpu_memory_nodes: 0
active_processor_count: 4
cpu_quota: -1
cpu_period: 100000
cpu_shares: -1
memory_limit_in_bytes: -1
memory_and_swap_limit_in_bytes: -2
memory_soft_limit_in_bytes: -1
memory_usage_in_bytes: 3732090880
memory_max_usage_in_bytes: 1235652608

Steal ticks since vm start: 0
Steal ticks percentage since vm start:  0.000

CPU:total 4 (initial active 4) (4 cores per cpu, 1 threads per core) family 6 model 23 stepping 7, cmov, cx8, fxsr, mmx, sse, sse2, sse3, ssse3, sse4.1, tsc
CPU Model and flags from /proc/cpuinfo:
model name	: Intel(R) Core(TM)2 Quad  CPU   Q9300  @ 2.50GHz
flags		: fpu vme de pse tsc msr pae mce cx8 apic sep mtrr pge mca cmov pat pse36 clflush dts acpi mmx fxsr sse sse2 ss ht tm pbe syscall nx lm constant_tsc arch_perfmon pebs bts rep_good nopl cpuid aperfmperf pni dtes64 monitor ds_cpl vmx smx est tm2 ssse3 cx16 xtpr pdcm sse4_1 lahf_lm pti tpr_shadow vnmi flexpriority dtherm

Memory: 4k page, physical 4034316k(109712k free), swap 2097148k(0k free)

vm_info: OpenJDK 64-Bit Server VM (11.0.4+11-post-Ubuntu-1ubuntu218.04.3) for linux-amd64 JRE (11.0.4+11-post-Ubuntu-1ubuntu218.04.3), built on Jul 18 2019 18:21:46 by "buildd" with gcc 7.4.0

END.
